{"/home/travis/build/npmtest/node-npmtest-platform/test.js":{"path":"/home/travis/build/npmtest/node-npmtest-platform/test.js","s":{"1":2,"2":2,"3":2,"4":2,"5":2,"6":2,"7":2,"8":1,"9":2,"10":2,"11":1,"12":1,"13":1,"14":1,"15":2,"16":2,"17":2,"18":2,"19":1,"20":1,"21":2,"22":2,"23":2,"24":1,"25":1,"26":1,"27":1,"28":1,"29":1,"30":1,"31":1,"32":1,"33":1,"34":1,"35":1,"36":1,"37":1,"38":1,"39":2,"40":2,"41":1,"42":2,"43":2,"44":1,"45":2,"46":2,"47":1,"48":2,"49":2,"50":1,"51":1,"52":1,"53":1,"54":1},"b":{"1":[2,1,1,1],"2":[1,1,1,1],"3":[1,1],"4":[1,1],"5":[1,1],"6":[1,1],"7":[1,1],"8":[1,1],"9":[1,1],"10":[1,1,1],"11":[1,1],"12":[1,1],"13":[1,1],"14":[1,1],"15":[1,1],"16":[1,1],"17":[1,1]},"f":{"1":2,"2":2,"3":2,"4":2,"5":2,"6":1,"7":1,"8":1,"9":2,"10":2,"11":2,"12":2,"13":1},"fnMap":{"1":{"name":"(anonymous_1)","line":12,"loc":{"start":{"line":12,"column":1},"end":{"line":12,"column":13}}},"2":{"name":"(anonymous_2)","line":19,"loc":{"start":{"line":19,"column":5},"end":{"line":19,"column":17}}},"3":{"name":"(anonymous_3)","line":23,"loc":{"start":{"line":23,"column":24},"end":{"line":23,"column":36}}},"4":{"name":"(anonymous_4)","line":61,"loc":{"start":{"line":61,"column":5},"end":{"line":61,"column":17}}},"5":{"name":"(anonymous_5)","line":82,"loc":{"start":{"line":82,"column":5},"end":{"line":82,"column":17}}},"6":{"name":"(anonymous_6)","line":91,"loc":{"start":{"line":91,"column":77},"end":{"line":94,"column":10}}},"7":{"name":"(anonymous_7)","line":112,"loc":{"start":{"line":112,"column":83},"end":{"line":115,"column":10}},"skip":true},"8":{"name":"(anonymous_8)","line":123,"loc":{"start":{"line":123,"column":77},"end":{"line":126,"column":10}},"skip":true},"9":{"name":"(anonymous_9)","line":139,"loc":{"start":{"line":139,"column":12},"end":{"line":139,"column":40}},"skip":true},"10":{"name":"(anonymous_10)","line":147,"loc":{"start":{"line":147,"column":77},"end":{"line":150,"column":10}},"skip":true},"11":{"name":"(anonymous_11)","line":158,"loc":{"start":{"line":158,"column":83},"end":{"line":161,"column":10}},"skip":true},"12":{"name":"(anonymous_12)","line":169,"loc":{"start":{"line":169,"column":79},"end":{"line":172,"column":10}},"skip":true},"13":{"name":"(anonymous_13)","line":180,"loc":{"start":{"line":180,"column":75},"end":{"line":183,"column":10}},"skip":true}},"statementMap":{"1":{"start":{"line":12,"column":0},"end":{"line":195,"column":5}},"2":{"start":{"line":14,"column":4},"end":{"line":14,"column":14}},"3":{"start":{"line":19,"column":4},"end":{"line":56,"column":9}},"4":{"start":{"line":21,"column":8},"end":{"line":21,"column":19}},"5":{"start":{"line":23,"column":8},"end":{"line":35,"column":13}},"6":{"start":{"line":24,"column":12},"end":{"line":34,"column":13}},"7":{"start":{"line":25,"column":16},"end":{"line":28,"column":30}},"8":{"start":{"line":30,"column":16},"end":{"line":33,"column":27}},"9":{"start":{"line":37,"column":8},"end":{"line":39,"column":21}},"10":{"start":{"line":40,"column":8},"end":{"line":53,"column":9}},"11":{"start":{"line":43,"column":12},"end":{"line":46,"column":14}},"12":{"start":{"line":47,"column":12},"end":{"line":47,"column":18}},"13":{"start":{"line":50,"column":12},"end":{"line":51,"column":46}},"14":{"start":{"line":52,"column":12},"end":{"line":52,"column":18}},"15":{"start":{"line":55,"column":8},"end":{"line":55,"column":35}},"16":{"start":{"line":61,"column":4},"end":{"line":63,"column":9}},"17":{"start":{"line":62,"column":8},"end":{"line":62,"column":15}},"18":{"start":{"line":64,"column":4},"end":{"line":77,"column":5}},"19":{"start":{"line":70,"column":8},"end":{"line":70,"column":14}},"20":{"start":{"line":76,"column":8},"end":{"line":76,"column":14}},"21":{"start":{"line":82,"column":4},"end":{"line":84,"column":9}},"22":{"start":{"line":83,"column":8},"end":{"line":83,"column":15}},"23":{"start":{"line":85,"column":4},"end":{"line":194,"column":5}},"24":{"start":{"line":91,"column":8},"end":{"line":99,"column":10}},"25":{"start":{"line":98,"column":12},"end":{"line":98,"column":35}},"26":{"start":{"line":102,"column":8},"end":{"line":104,"column":63}},"27":{"start":{"line":105,"column":8},"end":{"line":105,"column":14}},"28":{"start":{"line":112,"column":8},"end":{"line":121,"column":10},"skip":true},"29":{"start":{"line":119,"column":12},"end":{"line":119,"column":55},"skip":true},"30":{"start":{"line":120,"column":12},"end":{"line":120,"column":48},"skip":true},"31":{"start":{"line":123,"column":8},"end":{"line":136,"column":10},"skip":true},"32":{"start":{"line":130,"column":12},"end":{"line":130,"column":76},"skip":true},"33":{"start":{"line":131,"column":12},"end":{"line":131,"column":73},"skip":true},"34":{"start":{"line":132,"column":12},"end":{"line":132,"column":74},"skip":true},"35":{"start":{"line":133,"column":12},"end":{"line":133,"column":79},"skip":true},"36":{"start":{"line":134,"column":12},"end":{"line":134,"column":25},"skip":true},"37":{"start":{"line":135,"column":12},"end":{"line":135,"column":45},"skip":true},"38":{"start":{"line":138,"column":8},"end":{"line":145,"column":14},"skip":true},"39":{"start":{"line":143,"column":16},"end":{"line":143,"column":29},"skip":true},"40":{"start":{"line":144,"column":16},"end":{"line":144,"column":55},"skip":true},"41":{"start":{"line":147,"column":8},"end":{"line":156,"column":10},"skip":true},"42":{"start":{"line":154,"column":12},"end":{"line":154,"column":25},"skip":true},"43":{"start":{"line":155,"column":12},"end":{"line":155,"column":45},"skip":true},"44":{"start":{"line":158,"column":8},"end":{"line":167,"column":10},"skip":true},"45":{"start":{"line":165,"column":12},"end":{"line":165,"column":25},"skip":true},"46":{"start":{"line":166,"column":12},"end":{"line":166,"column":48},"skip":true},"47":{"start":{"line":169,"column":8},"end":{"line":178,"column":10},"skip":true},"48":{"start":{"line":176,"column":12},"end":{"line":176,"column":25},"skip":true},"49":{"start":{"line":177,"column":12},"end":{"line":177,"column":46},"skip":true},"50":{"start":{"line":180,"column":8},"end":{"line":189,"column":10},"skip":true},"51":{"start":{"line":187,"column":12},"end":{"line":187,"column":94},"skip":true},"52":{"start":{"line":188,"column":12},"end":{"line":188,"column":48},"skip":true},"53":{"start":{"line":192,"column":8},"end":{"line":192,"column":35},"skip":true},"54":{"start":{"line":193,"column":8},"end":{"line":193,"column":14},"skip":true}},"branchMap":{"1":{"line":25,"type":"binary-expr","locations":[{"start":{"line":25,"column":23},"end":{"line":25,"column":62}},{"start":{"line":26,"column":20},"end":{"line":26,"column":70}},{"start":{"line":27,"column":20},"end":{"line":27,"column":71}},{"start":{"line":28,"column":20},"end":{"line":28,"column":29}}]},"2":{"line":30,"type":"binary-expr","locations":[{"start":{"line":30,"column":23},"end":{"line":30,"column":37}},{"start":{"line":31,"column":20},"end":{"line":31,"column":61}},{"start":{"line":32,"column":20},"end":{"line":32,"column":70}},{"start":{"line":33,"column":20},"end":{"line":33,"column":26}}]},"3":{"line":37,"type":"cond-expr","locations":[{"start":{"line":38,"column":14},"end":{"line":38,"column":20}},{"start":{"line":39,"column":14},"end":{"line":39,"column":20}}]},"4":{"line":40,"type":"switch","locations":[{"start":{"line":42,"column":8},"end":{"line":47,"column":18}},{"start":{"line":49,"column":8},"end":{"line":52,"column":18}}]},"5":{"line":44,"type":"binary-expr","locations":[{"start":{"line":44,"column":16},"end":{"line":44,"column":44}},{"start":{"line":44,"column":48},"end":{"line":44,"column":66}}]},"6":{"line":50,"type":"binary-expr","locations":[{"start":{"line":50,"column":21},"end":{"line":50,"column":49}},{"start":{"line":50,"column":53},"end":{"line":50,"column":72}}]},"7":{"line":64,"type":"switch","locations":[{"start":{"line":69,"column":4},"end":{"line":70,"column":14}},{"start":{"line":75,"column":4},"end":{"line":76,"column":14}}]},"8":{"line":85,"type":"switch","locations":[{"start":{"line":90,"column":4},"end":{"line":105,"column":14}},{"start":{"line":111,"column":4},"end":{"line":193,"column":14},"skip":true}]},"9":{"line":91,"type":"binary-expr","locations":[{"start":{"line":91,"column":42},"end":{"line":91,"column":73}},{"start":{"line":91,"column":77},"end":{"line":99,"column":9}}]},"10":{"line":102,"type":"binary-expr","locations":[{"start":{"line":102,"column":18},"end":{"line":102,"column":32}},{"start":{"line":103,"column":12},"end":{"line":103,"column":53}},{"start":{"line":104,"column":12},"end":{"line":104,"column":61}}]},"11":{"line":112,"type":"binary-expr","locations":[{"start":{"line":112,"column":45},"end":{"line":112,"column":79},"skip":true},{"start":{"line":112,"column":83},"end":{"line":121,"column":9},"skip":true}]},"12":{"line":123,"type":"binary-expr","locations":[{"start":{"line":123,"column":42},"end":{"line":123,"column":73},"skip":true},{"start":{"line":123,"column":77},"end":{"line":136,"column":9},"skip":true}]},"13":{"line":138,"type":"binary-expr","locations":[{"start":{"line":138,"column":48},"end":{"line":138,"column":85},"skip":true},{"start":{"line":139,"column":12},"end":{"line":145,"column":13},"skip":true}]},"14":{"line":147,"type":"binary-expr","locations":[{"start":{"line":147,"column":42},"end":{"line":147,"column":73},"skip":true},{"start":{"line":147,"column":77},"end":{"line":156,"column":9},"skip":true}]},"15":{"line":158,"type":"binary-expr","locations":[{"start":{"line":158,"column":45},"end":{"line":158,"column":79},"skip":true},{"start":{"line":158,"column":83},"end":{"line":167,"column":9},"skip":true}]},"16":{"line":169,"type":"binary-expr","locations":[{"start":{"line":169,"column":43},"end":{"line":169,"column":75},"skip":true},{"start":{"line":169,"column":79},"end":{"line":178,"column":9},"skip":true}]},"17":{"line":180,"type":"binary-expr","locations":[{"start":{"line":180,"column":41},"end":{"line":180,"column":71},"skip":true},{"start":{"line":180,"column":75},"end":{"line":189,"column":9},"skip":true}]}},"code":["/* istanbul instrument in package npmtest_platform */","/*jslint","    bitwise: true,","    browser: true,","    maxerr: 8,","    maxlen: 96,","    node: true,","    nomen: true,","    regexp: true,","    stupid: true","*/","(function () {","    'use strict';","    var local;","","","","    // run shared js-env code - pre-init","    (function () {","        // init local","        local = {};","        // init modeJs","        local.modeJs = (function () {","            try {","                return typeof navigator.userAgent === 'string' &&","                    typeof document.querySelector('body') === 'object' &&","                    typeof XMLHttpRequest.prototype.open === 'function' &&","                    'browser';","            } catch (errorCaughtBrowser) {","                return module.exports &&","                    typeof process.versions.node === 'string' &&","                    typeof require('http').createServer === 'function' &&","                    'node';","            }","        }());","        // init global","        local.global = local.modeJs === 'browser'","            ? window","            : global;","        switch (local.modeJs) {","        // re-init local from window.local","        case 'browser':","            local = local.global.utility2.objectSetDefault(","                local.global.utility2_rollup || local.global.local,","                local.global.utility2","            );","            break;","        // re-init local from example.js","        case 'node':","            local = (local.global.utility2_rollup || require('utility2'))","                .requireExampleJsFromReadme();","            break;","        }","        // export local","        local.global.local = local;","    }());","","","","    // run shared js-env code - function","    (function () {","        return;","    }());","    switch (local.modeJs) {","","","","    // run browser js-env code - function","    case 'browser':","        break;","","","","    // run node js-env code - function","    case 'node':","        break;","    }","","","","    // run shared js-env code - post-init","    (function () {","        return;","    }());","    switch (local.modeJs) {","","","","    // run browser js-env code - post-init","    case 'browser':","        local.testCase_browser_nullCase = local.testCase_browser_nullCase || function (","            options,","            onError","        ) {","        /*","         * this function will test browsers's null-case handling-behavior-behavior","         */","            onError(null, options);","        };","","        // run tests","        local.nop(local.modeTest &&","            document.querySelector('#testRunButton1') &&","            document.querySelector('#testRunButton1').click());","        break;","","","","    // run node js-env code - post-init","    /* istanbul ignore next */","    case 'node':","        local.testCase_buildApidoc_default = local.testCase_buildApidoc_default || function (","            options,","            onError","        ) {","        /*","         * this function will test buildApidoc's default handling-behavior-behavior","         */","            options = { modulePathList: module.paths };","            local.buildApidoc(options, onError);","        };","","        local.testCase_buildApp_default = local.testCase_buildApp_default || function (","            options,","            onError","        ) {","        /*","         * this function will test buildApp's default handling-behavior-behavior","         */","            local.testCase_buildReadme_default(options, local.onErrorThrow);","            local.testCase_buildLib_default(options, local.onErrorThrow);","            local.testCase_buildTest_default(options, local.onErrorThrow);","            local.testCase_buildCustomOrg_default(options, local.onErrorThrow);","            options = [];","            local.buildApp(options, onError);","        };","","        local.testCase_buildCustomOrg_default = local.testCase_buildCustomOrg_default ||","            function (options, onError) {","            /*","             * this function will test buildCustomOrg's default handling-behavior","             */","                options = {};","                local.buildCustomOrg(options, onError);","            };","","        local.testCase_buildLib_default = local.testCase_buildLib_default || function (","            options,","            onError","        ) {","        /*","         * this function will test buildLib's default handling-behavior","         */","            options = {};","            local.buildLib(options, onError);","        };","","        local.testCase_buildReadme_default = local.testCase_buildReadme_default || function (","            options,","            onError","        ) {","        /*","         * this function will test buildReadme's default handling-behavior-behavior","         */","            options = {};","            local.buildReadme(options, onError);","        };","","        local.testCase_buildTest_default = local.testCase_buildTest_default || function (","            options,","            onError","        ) {","        /*","         * this function will test buildTest's default handling-behavior","         */","            options = {};","            local.buildTest(options, onError);","        };","","        local.testCase_webpage_default = local.testCase_webpage_default || function (","            options,","            onError","        ) {","        /*","         * this function will test webpage's default handling-behavior","         */","            options = { modeCoverageMerge: true, url: local.serverLocalHost + '?modeTest=1' };","            local.browserTest(options, onError);","        };","","        // run test-server","        local.testRunServer(local);","        break;","    }","}());",""],"l":{"12":2,"14":2,"19":2,"21":2,"23":2,"24":2,"25":2,"30":1,"37":2,"40":2,"43":1,"47":1,"50":1,"52":1,"55":2,"61":2,"62":2,"64":2,"70":1,"76":1,"82":2,"83":2,"85":2,"91":1,"98":1,"102":1,"105":1,"112":1,"119":1,"120":1,"123":1,"130":1,"131":1,"132":1,"133":1,"134":1,"135":1,"138":1,"143":2,"144":2,"147":1,"154":2,"155":2,"158":1,"165":2,"166":2,"169":1,"176":2,"177":2,"180":1,"187":1,"188":1,"192":1,"193":1}},"/home/travis/build/npmtest/node-npmtest-platform/lib.npmtest_platform.js":{"path":"/home/travis/build/npmtest/node-npmtest-platform/lib.npmtest_platform.js","s":{"1":2,"2":2,"3":2,"4":2,"5":2,"6":2,"7":2,"8":1,"9":2,"10":2,"11":2,"12":2,"13":1,"14":1,"15":1,"16":1},"b":{"1":[2,1,1,1],"2":[1,1,1,1],"3":[1,1],"4":[2,2],"5":[1,1]},"f":{"1":2,"2":2,"3":2},"fnMap":{"1":{"name":"(anonymous_1)","line":12,"loc":{"start":{"line":12,"column":1},"end":{"line":12,"column":13}}},"2":{"name":"(anonymous_2)","line":19,"loc":{"start":{"line":19,"column":5},"end":{"line":19,"column":17}}},"3":{"name":"(anonymous_3)","line":23,"loc":{"start":{"line":23,"column":24},"end":{"line":23,"column":36}}}},"statementMap":{"1":{"start":{"line":12,"column":0},"end":{"line":53,"column":5}},"2":{"start":{"line":14,"column":4},"end":{"line":14,"column":14}},"3":{"start":{"line":19,"column":4},"end":{"line":52,"column":9}},"4":{"start":{"line":21,"column":8},"end":{"line":21,"column":19}},"5":{"start":{"line":23,"column":8},"end":{"line":35,"column":13}},"6":{"start":{"line":24,"column":12},"end":{"line":34,"column":13}},"7":{"start":{"line":25,"column":16},"end":{"line":28,"column":30}},"8":{"start":{"line":30,"column":16},"end":{"line":33,"column":27}},"9":{"start":{"line":37,"column":8},"end":{"line":39,"column":21}},"10":{"start":{"line":41,"column":8},"end":{"line":41,"column":54}},"11":{"start":{"line":43,"column":8},"end":{"line":43,"column":53}},"12":{"start":{"line":45,"column":8},"end":{"line":51,"column":9}},"13":{"start":{"line":46,"column":12},"end":{"line":46,"column":59}},"14":{"start":{"line":48,"column":12},"end":{"line":48,"column":35}},"15":{"start":{"line":49,"column":12},"end":{"line":49,"column":49}},"16":{"start":{"line":50,"column":12},"end":{"line":50,"column":43}}},"branchMap":{"1":{"line":25,"type":"binary-expr","locations":[{"start":{"line":25,"column":23},"end":{"line":25,"column":62}},{"start":{"line":26,"column":20},"end":{"line":26,"column":70}},{"start":{"line":27,"column":20},"end":{"line":27,"column":71}},{"start":{"line":28,"column":20},"end":{"line":28,"column":29}}]},"2":{"line":30,"type":"binary-expr","locations":[{"start":{"line":30,"column":23},"end":{"line":30,"column":37}},{"start":{"line":31,"column":20},"end":{"line":31,"column":61}},{"start":{"line":32,"column":20},"end":{"line":32,"column":70}},{"start":{"line":33,"column":20},"end":{"line":33,"column":26}}]},"3":{"line":37,"type":"cond-expr","locations":[{"start":{"line":38,"column":14},"end":{"line":38,"column":20}},{"start":{"line":39,"column":14},"end":{"line":39,"column":20}}]},"4":{"line":41,"type":"binary-expr","locations":[{"start":{"line":41,"column":16},"end":{"line":41,"column":44}},{"start":{"line":41,"column":48},"end":{"line":41,"column":53}}]},"5":{"line":45,"type":"if","locations":[{"start":{"line":45,"column":8},"end":{"line":45,"column":8}},{"start":{"line":45,"column":8},"end":{"line":45,"column":8}}]}},"code":["/* istanbul instrument in package npmtest_platform */","/*jslint","    bitwise: true,","    browser: true,","    maxerr: 8,","    maxlen: 96,","    node: true,","    nomen: true,","    regexp: true,","    stupid: true","*/","(function () {","    'use strict';","    var local;","","","","    // run shared js-env code - pre-init","    (function () {","        // init local","        local = {};","        // init modeJs","        local.modeJs = (function () {","            try {","                return typeof navigator.userAgent === 'string' &&","                    typeof document.querySelector('body') === 'object' &&","                    typeof XMLHttpRequest.prototype.open === 'function' &&","                    'browser';","            } catch (errorCaughtBrowser) {","                return module.exports &&","                    typeof process.versions.node === 'string' &&","                    typeof require('http').createServer === 'function' &&","                    'node';","            }","        }());","        // init global","        local.global = local.modeJs === 'browser'","            ? window","            : global;","        // init utility2_rollup","        local = local.global.utility2_rollup || local;","        // init lib","        local.local = local.npmtest_platform = local;","        // init exports","        if (local.modeJs === 'browser') {","            local.global.utility2_npmtest_platform = local;","        } else {","            module.exports = local;","            module.exports.__dirname = __dirname;","            module.exports.module = module;","        }","    }());","}());",""],"l":{"12":2,"14":2,"19":2,"21":2,"23":2,"24":2,"25":2,"30":1,"37":2,"41":2,"43":2,"45":2,"46":1,"48":1,"49":1,"50":1}},"/home/travis/build/npmtest/node-npmtest-platform/example.js":{"path":"/home/travis/build/npmtest/node-npmtest-platform/example.js","s":{"1":2,"2":2,"3":2,"4":2,"5":2,"6":2,"7":2,"8":1,"9":2,"10":2,"11":2,"12":2,"13":1,"14":2,"15":2,"16":2,"17":2,"18":2,"19":0,"20":2,"21":1,"22":1,"23":1,"24":1,"25":1,"26":0,"27":0,"28":1,"29":1,"30":2,"31":0,"32":0,"33":0,"34":1,"35":2,"36":2,"37":3,"38":3,"39":3,"40":3,"41":0,"42":3,"43":3,"44":3,"45":1,"46":3,"47":1,"48":1,"49":1,"50":1,"51":1,"52":1,"53":1,"54":1,"55":1,"56":1,"57":0,"58":1,"59":6,"60":6,"61":1,"62":2,"63":0,"64":2,"65":1,"66":1,"67":0,"68":0,"69":0,"70":0,"71":0,"72":0,"73":0,"74":0,"75":0,"76":0,"77":0,"78":0,"79":0,"80":0,"81":0,"82":0,"83":0},"b":{"1":[2,1,1,1],"2":[1,1,1,1],"3":[1,1],"4":[2,2],"5":[1,1],"6":[1,1],"7":[2,0],"8":[2,1,1,1,1,1],"9":[0,2,0],"10":[1,1],"11":[2,1,1],"12":[1,0],"13":[0,2],"14":[2,0,0,0,0,0,0],"15":[0,3],"16":[3,0],"17":[1,1],"18":[0,1],"19":[1,2,0,2],"20":[1,0],"21":[1,1],"22":[0,0],"23":[0,0],"24":[0,0],"25":[0,0],"26":[0,0],"27":[0,0],"28":[0,0]},"f":{"1":2,"2":2,"3":2,"4":2,"5":2,"6":2,"7":3,"8":3,"9":3,"10":1,"11":6,"12":0},"fnMap":{"1":{"name":"(anonymous_1)","line":26,"loc":{"start":{"line":26,"column":1},"end":{"line":26,"column":13}}},"2":{"name":"(anonymous_2)","line":33,"loc":{"start":{"line":33,"column":5},"end":{"line":33,"column":17}}},"3":{"name":"(anonymous_3)","line":37,"loc":{"start":{"line":37,"column":24},"end":{"line":37,"column":36}}},"4":{"name":"(anonymous_4)","line":69,"loc":{"start":{"line":69,"column":31},"end":{"line":69,"column":48}},"skip":true},"5":{"name":"(anonymous_5)","line":78,"loc":{"start":{"line":78,"column":26},"end":{"line":78,"column":45}},"skip":true},"6":{"name":"(anonymous_6)","line":123,"loc":{"start":{"line":123,"column":33},"end":{"line":123,"column":48}},"skip":true},"7":{"name":"(anonymous_7)","line":125,"loc":{"start":{"line":125,"column":27},"end":{"line":125,"column":39}},"skip":true},"8":{"name":"(anonymous_8)","line":133,"loc":{"start":{"line":133,"column":59},"end":{"line":133,"column":74}},"skip":true},"9":{"name":"(anonymous_9)","line":143,"loc":{"start":{"line":143,"column":45},"end":{"line":143,"column":62}},"skip":true},"10":{"name":"(anonymous_10)","line":144,"loc":{"start":{"line":144,"column":73},"end":{"line":144,"column":92}},"skip":true},"11":{"name":"(anonymous_11)","line":272,"loc":{"start":{"line":272,"column":51},"end":{"line":272,"column":77}},"skip":true},"12":{"name":"(anonymous_12)","line":315,"loc":{"start":{"line":315,"column":32},"end":{"line":315,"column":61}},"skip":true}},"statementMap":{"1":{"start":{"line":26,"column":0},"end":{"line":326,"column":5}},"2":{"start":{"line":28,"column":4},"end":{"line":28,"column":14}},"3":{"start":{"line":33,"column":4},"end":{"line":60,"column":9}},"4":{"start":{"line":35,"column":8},"end":{"line":35,"column":19}},"5":{"start":{"line":37,"column":8},"end":{"line":49,"column":13}},"6":{"start":{"line":38,"column":12},"end":{"line":48,"column":13}},"7":{"start":{"line":39,"column":16},"end":{"line":42,"column":30}},"8":{"start":{"line":44,"column":16},"end":{"line":47,"column":27}},"9":{"start":{"line":51,"column":8},"end":{"line":53,"column":21}},"10":{"start":{"line":55,"column":8},"end":{"line":57,"column":45}},"11":{"start":{"line":59,"column":8},"end":{"line":59,"column":35}},"12":{"start":{"line":61,"column":4},"end":{"line":325,"column":5}},"13":{"start":{"line":69,"column":8},"end":{"line":121,"column":10},"skip":true},"14":{"start":{"line":70,"column":12},"end":{"line":88,"column":13},"skip":true},"15":{"start":{"line":76,"column":16},"end":{"line":87,"column":19},"skip":true},"16":{"start":{"line":79,"column":20},"end":{"line":86,"column":21},"skip":true},"17":{"start":{"line":82,"column":24},"end":{"line":82,"column":43},"skip":true},"18":{"start":{"line":83,"column":24},"end":{"line":83,"column":30},"skip":true},"19":{"start":{"line":85,"column":24},"end":{"line":85,"column":49},"skip":true},"20":{"start":{"line":89,"column":12},"end":{"line":107,"column":13},"skip":true},"21":{"start":{"line":92,"column":16},"end":{"line":102,"column":17},"skip":true},"22":{"start":{"line":93,"column":20},"end":{"line":93,"column":86},"skip":true},"23":{"start":{"line":94,"column":20},"end":{"line":95,"column":45},"skip":true},"24":{"start":{"line":96,"column":20},"end":{"line":96,"column":42},"skip":true},"25":{"start":{"line":97,"column":20},"end":{"line":97,"column":48},"skip":true},"26":{"start":{"line":100,"column":20},"end":{"line":100,"column":85},"skip":true},"27":{"start":{"line":101,"column":20},"end":{"line":101,"column":96},"skip":true},"28":{"start":{"line":103,"column":16},"end":{"line":103,"column":22},"skip":true},"29":{"start":{"line":106,"column":16},"end":{"line":106,"column":22},"skip":true},"30":{"start":{"line":108,"column":12},"end":{"line":120,"column":13},"skip":true},"31":{"start":{"line":114,"column":16},"end":{"line":119,"column":17},"skip":true},"32":{"start":{"line":116,"column":20},"end":{"line":116,"column":78},"skip":true},"33":{"start":{"line":118,"column":20},"end":{"line":118,"column":47},"skip":true},"34":{"start":{"line":123,"column":8},"end":{"line":141,"column":11},"skip":true},"35":{"start":{"line":124,"column":12},"end":{"line":124,"column":54},"skip":true},"36":{"start":{"line":125,"column":12},"end":{"line":140,"column":14},"skip":true},"37":{"start":{"line":126,"column":16},"end":{"line":126,"column":28},"skip":true},"38":{"start":{"line":127,"column":16},"end":{"line":127,"column":69},"skip":true},"39":{"start":{"line":128,"column":16},"end":{"line":128,"column":75},"skip":true},"40":{"start":{"line":129,"column":16},"end":{"line":131,"column":17},"skip":true},"41":{"start":{"line":130,"column":20},"end":{"line":130,"column":27},"skip":true},"42":{"start":{"line":133,"column":16},"end":{"line":137,"column":36},"skip":true},"43":{"start":{"line":134,"column":20},"end":{"line":136,"column":55},"skip":true},"44":{"start":{"line":139,"column":16},"end":{"line":139,"column":57},"skip":true},"45":{"start":{"line":143,"column":8},"end":{"line":147,"column":11},"skip":true},"46":{"start":{"line":144,"column":12},"end":{"line":146,"column":15},"skip":true},"47":{"start":{"line":145,"column":16},"end":{"line":145,"column":70},"skip":true},"48":{"start":{"line":149,"column":8},"end":{"line":149,"column":31},"skip":true},"49":{"start":{"line":150,"column":8},"end":{"line":150,"column":14},"skip":true},"50":{"start":{"line":158,"column":8},"end":{"line":158,"column":31},"skip":true},"51":{"start":{"line":160,"column":8},"end":{"line":160,"column":33},"skip":true},"52":{"start":{"line":161,"column":8},"end":{"line":161,"column":37},"skip":true},"53":{"start":{"line":162,"column":8},"end":{"line":162,"column":35},"skip":true},"54":{"start":{"line":164,"column":8},"end":{"line":164,"column":50},"skip":true},"55":{"start":{"line":166,"column":8},"end":{"line":256,"column":2},"skip":true},"56":{"start":{"line":258,"column":8},"end":{"line":286,"column":9},"skip":true},"57":{"start":{"line":259,"column":12},"end":{"line":269,"column":14},"skip":true},"58":{"start":{"line":271,"column":12},"end":{"line":285,"column":19},"skip":true},"59":{"start":{"line":274,"column":20},"end":{"line":274,"column":35},"skip":true},"60":{"start":{"line":275,"column":20},"end":{"line":284,"column":21},"skip":true},"61":{"start":{"line":277,"column":24},"end":{"line":277,"column":64},"skip":true},"62":{"start":{"line":279,"column":24},"end":{"line":279,"column":40},"skip":true},"63":{"start":{"line":281,"column":24},"end":{"line":281,"column":40},"skip":true},"64":{"start":{"line":283,"column":24},"end":{"line":283,"column":39},"skip":true},"65":{"start":{"line":288,"column":8},"end":{"line":290,"column":9},"skip":true},"66":{"start":{"line":289,"column":12},"end":{"line":289,"column":18},"skip":true},"67":{"start":{"line":291,"column":8},"end":{"line":293,"column":54},"skip":true},"68":{"start":{"line":296,"column":8},"end":{"line":301,"column":37},"skip":true},"69":{"start":{"line":303,"column":8},"end":{"line":303,"column":82},"skip":true},"70":{"start":{"line":306,"column":8},"end":{"line":308,"column":9},"skip":true},"71":{"start":{"line":307,"column":12},"end":{"line":307,"column":82},"skip":true},"72":{"start":{"line":310,"column":8},"end":{"line":312,"column":9},"skip":true},"73":{"start":{"line":311,"column":12},"end":{"line":311,"column":18},"skip":true},"74":{"start":{"line":313,"column":8},"end":{"line":313,"column":54},"skip":true},"75":{"start":{"line":314,"column":8},"end":{"line":314,"column":69},"skip":true},"76":{"start":{"line":315,"column":8},"end":{"line":323,"column":36},"skip":true},"77":{"start":{"line":316,"column":12},"end":{"line":316,"column":61},"skip":true},"78":{"start":{"line":317,"column":12},"end":{"line":320,"column":13},"skip":true},"79":{"start":{"line":318,"column":16},"end":{"line":318,"column":75},"skip":true},"80":{"start":{"line":319,"column":16},"end":{"line":319,"column":23},"skip":true},"81":{"start":{"line":321,"column":12},"end":{"line":321,"column":38},"skip":true},"82":{"start":{"line":322,"column":12},"end":{"line":322,"column":27},"skip":true},"83":{"start":{"line":324,"column":8},"end":{"line":324,"column":14},"skip":true}},"branchMap":{"1":{"line":39,"type":"binary-expr","locations":[{"start":{"line":39,"column":23},"end":{"line":39,"column":62}},{"start":{"line":40,"column":20},"end":{"line":40,"column":70}},{"start":{"line":41,"column":20},"end":{"line":41,"column":71}},{"start":{"line":42,"column":20},"end":{"line":42,"column":29}}]},"2":{"line":44,"type":"binary-expr","locations":[{"start":{"line":44,"column":23},"end":{"line":44,"column":37}},{"start":{"line":45,"column":20},"end":{"line":45,"column":61}},{"start":{"line":46,"column":20},"end":{"line":46,"column":70}},{"start":{"line":47,"column":20},"end":{"line":47,"column":26}}]},"3":{"line":51,"type":"cond-expr","locations":[{"start":{"line":52,"column":14},"end":{"line":52,"column":20}},{"start":{"line":53,"column":14},"end":{"line":53,"column":20}}]},"4":{"line":55,"type":"binary-expr","locations":[{"start":{"line":55,"column":16},"end":{"line":55,"column":44}},{"start":{"line":55,"column":49},"end":{"line":57,"column":43}}]},"5":{"line":55,"type":"cond-expr","locations":[{"start":{"line":56,"column":14},"end":{"line":56,"column":52}},{"start":{"line":57,"column":14},"end":{"line":57,"column":43}}]},"6":{"line":61,"type":"switch","locations":[{"start":{"line":68,"column":4},"end":{"line":150,"column":14},"skip":true},{"start":{"line":156,"column":4},"end":{"line":324,"column":14},"skip":true}]},"7":{"line":70,"type":"if","locations":[{"start":{"line":70,"column":12},"end":{"line":70,"column":12},"skip":true},{"start":{"line":70,"column":12},"end":{"line":70,"column":12},"skip":true}]},"8":{"line":70,"type":"binary-expr","locations":[{"start":{"line":70,"column":16},"end":{"line":70,"column":22},"skip":true},{"start":{"line":70,"column":27},"end":{"line":70,"column":32},"skip":true},{"start":{"line":71,"column":20},"end":{"line":71,"column":39},"skip":true},{"start":{"line":72,"column":20},"end":{"line":72,"column":49},"skip":true},{"start":{"line":73,"column":20},"end":{"line":73,"column":58},"skip":true},{"start":{"line":74,"column":20},"end":{"line":74,"column":69},"skip":true}]},"9":{"line":79,"type":"switch","locations":[{"start":{"line":80,"column":20},"end":{"line":80,"column":33},"skip":true},{"start":{"line":81,"column":20},"end":{"line":83,"column":30},"skip":true},{"start":{"line":84,"column":20},"end":{"line":85,"column":49},"skip":true}]},"10":{"line":89,"type":"switch","locations":[{"start":{"line":90,"column":12},"end":{"line":103,"column":22},"skip":true},{"start":{"line":105,"column":12},"end":{"line":106,"column":22},"skip":true}]},"11":{"line":89,"type":"binary-expr","locations":[{"start":{"line":89,"column":20},"end":{"line":89,"column":25},"skip":true},{"start":{"line":89,"column":29},"end":{"line":89,"column":48},"skip":true},{"start":{"line":89,"column":52},"end":{"line":89,"column":74},"skip":true}]},"12":{"line":92,"type":"if","locations":[{"start":{"line":92,"column":16},"end":{"line":92,"column":16},"skip":true},{"start":{"line":92,"column":16},"end":{"line":92,"column":16},"skip":true}]},"13":{"line":108,"type":"if","locations":[{"start":{"line":108,"column":12},"end":{"line":108,"column":12},"skip":true},{"start":{"line":108,"column":12},"end":{"line":108,"column":12},"skip":true}]},"14":{"line":108,"type":"binary-expr","locations":[{"start":{"line":108,"column":16},"end":{"line":108,"column":61},"skip":true},{"start":{"line":108,"column":66},"end":{"line":108,"column":72},"skip":true},{"start":{"line":108,"column":77},"end":{"line":108,"column":82},"skip":true},{"start":{"line":109,"column":20},"end":{"line":109,"column":39},"skip":true},{"start":{"line":110,"column":20},"end":{"line":110,"column":49},"skip":true},{"start":{"line":111,"column":20},"end":{"line":111,"column":58},"skip":true},{"start":{"line":112,"column":20},"end":{"line":112,"column":68},"skip":true}]},"15":{"line":129,"type":"if","locations":[{"start":{"line":129,"column":16},"end":{"line":129,"column":16},"skip":true},{"start":{"line":129,"column":16},"end":{"line":129,"column":16},"skip":true}]},"16":{"line":134,"type":"cond-expr","locations":[{"start":{"line":135,"column":26},"end":{"line":135,"column":29},"skip":true},{"start":{"line":136,"column":26},"end":{"line":136,"column":54},"skip":true}]},"17":{"line":164,"type":"binary-expr","locations":[{"start":{"line":164,"column":27},"end":{"line":164,"column":43},"skip":true},{"start":{"line":164,"column":47},"end":{"line":164,"column":49},"skip":true}]},"18":{"line":258,"type":"if","locations":[{"start":{"line":258,"column":8},"end":{"line":258,"column":8},"skip":true},{"start":{"line":258,"column":8},"end":{"line":258,"column":8},"skip":true}]},"19":{"line":275,"type":"switch","locations":[{"start":{"line":276,"column":20},"end":{"line":277,"column":64},"skip":true},{"start":{"line":278,"column":20},"end":{"line":279,"column":40},"skip":true},{"start":{"line":280,"column":20},"end":{"line":281,"column":40},"skip":true},{"start":{"line":282,"column":20},"end":{"line":283,"column":39},"skip":true}]},"20":{"line":288,"type":"if","locations":[{"start":{"line":288,"column":8},"end":{"line":288,"column":8},"skip":true},{"start":{"line":288,"column":8},"end":{"line":288,"column":8},"skip":true}]},"21":{"line":288,"type":"binary-expr","locations":[{"start":{"line":288,"column":12},"end":{"line":288,"column":40},"skip":true},{"start":{"line":288,"column":44},"end":{"line":288,"column":67},"skip":true}]},"22":{"line":292,"type":"binary-expr","locations":[{"start":{"line":292,"column":12},"end":{"line":292,"column":50},"skip":true},{"start":{"line":293,"column":12},"end":{"line":293,"column":53},"skip":true}]},"23":{"line":297,"type":"binary-expr","locations":[{"start":{"line":297,"column":12},"end":{"line":297,"column":66},"skip":true},{"start":{"line":298,"column":12},"end":{"line":301,"column":36},"skip":true}]},"24":{"line":303,"type":"binary-expr","locations":[{"start":{"line":303,"column":43},"end":{"line":303,"column":75},"skip":true},{"start":{"line":303,"column":79},"end":{"line":303,"column":81},"skip":true}]},"25":{"line":306,"type":"if","locations":[{"start":{"line":306,"column":8},"end":{"line":306,"column":8},"skip":true},{"start":{"line":306,"column":8},"end":{"line":306,"column":8},"skip":true}]},"26":{"line":310,"type":"if","locations":[{"start":{"line":310,"column":8},"end":{"line":310,"column":8},"skip":true},{"start":{"line":310,"column":8},"end":{"line":310,"column":8},"skip":true}]},"27":{"line":313,"type":"binary-expr","locations":[{"start":{"line":313,"column":27},"end":{"line":313,"column":43},"skip":true},{"start":{"line":313,"column":47},"end":{"line":313,"column":53},"skip":true}]},"28":{"line":317,"type":"if","locations":[{"start":{"line":317,"column":12},"end":{"line":317,"column":12},"skip":true},{"start":{"line":317,"column":12},"end":{"line":317,"column":12},"skip":true}]}},"code":["/*","example.js","","quickstart example","","instruction","    1. save this script as example.js","    2. run the shell command:","        $ npm install npmtest-platform && PORT=8081 node example.js","    3. play with the browser-demo on http://127.0.0.1:8081","*/","","","","/* istanbul instrument in package npmtest_platform */","/*jslint","    bitwise: true,","    browser: true,","    maxerr: 8,","    maxlen: 96,","    node: true,","    nomen: true,","    regexp: true,","    stupid: true","*/","(function () {","    'use strict';","    var local;","","","","    // run shared js-env code - pre-init","    (function () {","        // init local","        local = {};","        // init modeJs","        local.modeJs = (function () {","            try {","                return typeof navigator.userAgent === 'string' &&","                    typeof document.querySelector('body') === 'object' &&","                    typeof XMLHttpRequest.prototype.open === 'function' &&","                    'browser';","            } catch (errorCaughtBrowser) {","                return module.exports &&","                    typeof process.versions.node === 'string' &&","                    typeof require('http').createServer === 'function' &&","                    'node';","            }","        }());","        // init global","        local.global = local.modeJs === 'browser'","            ? window","            : global;","        // init utility2_rollup","        local = local.global.utility2_rollup || (local.modeJs === 'browser'","            ? local.global.utility2_npmtest_platform","            : global.utility2_moduleExports);","        // export local","        local.global.local = local;","    }());","    switch (local.modeJs) {","","","","    // post-init","    // run browser js-env code - post-init","    /* istanbul ignore next */","    case 'browser':","        local.testRunBrowser = function (event) {","            if (!event || (event &&","                    event.currentTarget &&","                    event.currentTarget.className &&","                    event.currentTarget.className.includes &&","                    event.currentTarget.className.includes('onreset'))) {","                // reset output","                Array.from(","                    document.querySelectorAll('body > .resettable')","                ).forEach(function (element) {","                    switch (element.tagName) {","                    case 'INPUT':","                    case 'TEXTAREA':","                        element.value = '';","                        break;","                    default:","                        element.textContent = '';","                    }","                });","            }","            switch (event && event.currentTarget && event.currentTarget.id) {","            case 'testRunButton1':","                // show tests","                if (document.querySelector('#testReportDiv1').style.display === 'none') {","                    document.querySelector('#testReportDiv1').style.display = 'block';","                    document.querySelector('#testRunButton1').textContent =","                        'hide internal test';","                    local.modeTest = true;","                    local.testRunDefault(local);","                // hide tests","                } else {","                    document.querySelector('#testReportDiv1').style.display = 'none';","                    document.querySelector('#testRunButton1').textContent = 'run internal test';","                }","                break;","            // custom-case","            default:","                break;","            }","            if (document.querySelector('#inputTextareaEval1') && (!event || (event &&","                    event.currentTarget &&","                    event.currentTarget.className &&","                    event.currentTarget.className.includes &&","                    event.currentTarget.className.includes('oneval')))) {","                // try to eval input-code","                try {","                    /*jslint evil: true*/","                    eval(document.querySelector('#inputTextareaEval1').value);","                } catch (errorCaught) {","                    console.error(errorCaught);","                }","            }","        };","        // log stderr and stdout to #outputTextareaStdout1","        ['error', 'log'].forEach(function (key) {","            console[key + '_original'] = console[key];","            console[key] = function () {","                var element;","                console[key + '_original'].apply(console, arguments);","                element = document.querySelector('#outputTextareaStdout1');","                if (!element) {","                    return;","                }","                // append text to #outputTextareaStdout1","                element.value += Array.from(arguments).map(function (arg) {","                    return typeof arg === 'string'","                        ? arg","                        : JSON.stringify(arg, null, 4);","                }).join(' ') + '\\n';","                // scroll textarea to bottom","                element.scrollTop = element.scrollHeight;","            };","        });","        // init event-handling","        ['change', 'click', 'keyup'].forEach(function (event) {","            Array.from(document.querySelectorAll('.on' + event)).forEach(function (element) {","                element.addEventListener(event, local.testRunBrowser);","            });","        });","        // run tests","        local.testRunBrowser();","        break;","","","","    // run node js-env code - post-init","    /* istanbul ignore next */","    case 'node':","        // export local","        module.exports = local;","        // require modules","        local.fs = require('fs');","        local.http = require('http');","        local.url = require('url');","        // init assets","        local.assetsDict = local.assetsDict || {};","        /* jslint-ignore-begin */","        local.assetsDict['/assets.index.template.html'] = '\\","<!doctype html>\\n\\","<html lang=\"en\">\\n\\","<head>\\n\\","<meta charset=\"UTF-8\">\\n\\","<meta name=\"viewport\" content=\"width=device-width, initial-scale=1\">\\n\\","<title>{{env.npm_package_name}} (v{{env.npm_package_version}})</title>\\n\\","<style>\\n\\","/*csslint\\n\\","    box-sizing: false,\\n\\","    universal-selector: false\\n\\","*/\\n\\","* {\\n\\","    box-sizing: border-box;\\n\\","}\\n\\","body {\\n\\","    background: #dde;\\n\\","    font-family: Arial, Helvetica, sans-serif;\\n\\","    margin: 2rem;\\n\\","}\\n\\","body > * {\\n\\","    margin-bottom: 1rem;\\n\\","}\\n\\",".utility2FooterDiv {\\n\\","    margin-top: 20px;\\n\\","    text-align: center;\\n\\","}\\n\\","</style>\\n\\","<style>\\n\\","/*csslint\\n\\","*/\\n\\","textarea {\\n\\","    font-family: monospace;\\n\\","    height: 10rem;\\n\\","    width: 100%;\\n\\","}\\n\\","textarea[readonly] {\\n\\","    background: #ddd;\\n\\","}\\n\\","</style>\\n\\","</head>\\n\\","<body>\\n\\","<!-- utility2-comment\\n\\","<div id=\"ajaxProgressDiv1\" style=\"background: #d00; height: 2px; left: 0; margin: 0; padding: 0; position: fixed; top: 0; transition: background 0.5s, width 1.5s; width: 25%;\"></div>\\n\\","utility2-comment -->\\n\\","<h1>\\n\\","<!-- utility2-comment\\n\\","    <a\\n\\","        {{#if env.npm_package_homepage}}\\n\\","        href=\"{{env.npm_package_homepage}}\"\\n\\","        {{/if env.npm_package_homepage}}\\n\\","        target=\"_blank\"\\n\\","    >\\n\\","utility2-comment -->\\n\\","        {{env.npm_package_name}} (v{{env.npm_package_version}})\\n\\","<!-- utility2-comment\\n\\","    </a>\\n\\","utility2-comment -->\\n\\","</h1>\\n\\","<h3>{{env.npm_package_description}}</h3>\\n\\","<!-- utility2-comment\\n\\","<h4><a download href=\"assets.app.js\">download standalone app</a></h4>\\n\\","<button class=\"onclick onreset\" id=\"testRunButton1\">run internal test</button><br>\\n\\","<div id=\"testReportDiv1\" style=\"display: none;\"></div>\\n\\","utility2-comment -->\\n\\","\\n\\","\\n\\","\\n\\","<label>stderr and stdout</label>\\n\\","<textarea class=\"resettable\" id=\"outputTextareaStdout1\" readonly></textarea>\\n\\","<!-- utility2-comment\\n\\","{{#if isRollup}}\\n\\","<script src=\"assets.app.js\"></script>\\n\\","{{#unless isRollup}}\\n\\","utility2-comment -->\\n\\","<script src=\"assets.utility2.rollup.js\"></script>\\n\\","<script src=\"jsonp.utility2._stateInit?callback=window.utility2._stateInit\"></script>\\n\\","<script src=\"assets.npmtest_platform.rollup.js\"></script>\\n\\","<script src=\"assets.example.js\"></script>\\n\\","<script src=\"assets.test.js\"></script>\\n\\","<!-- utility2-comment\\n\\","{{/if isRollup}}\\n\\","utility2-comment -->\\n\\","<div class=\"utility2FooterDiv\">\\n\\","    [ this app was created with\\n\\","    <a href=\"https://github.com/kaizhu256/node-utility2\" target=\"_blank\">utility2</a>\\n\\","    ]\\n\\","</div>\\n\\","</body>\\n\\","</html>\\n\\","';","        /* jslint-ignore-end */","        if (local.templateRender) {","            local.assetsDict['/'] = local.templateRender(","                local.assetsDict['/assets.index.template.html'],","                {","                    env: local.objectSetDefault(local.env, {","                        npm_package_description: 'the greatest app in the world!',","                        npm_package_name: 'my-app',","                        npm_package_nameAlias: 'my_app',","                        npm_package_version: '0.0.1'","                    })","                }","            );","        } else {","            local.assetsDict['/'] = local.assetsDict['/assets.index.template.html']","                .replace((/\\{\\{env\\.(\\w+?)\\}\\}/g), function (match0, match1) {","                    // jslint-hack","                    String(match0);","                    switch (match1) {","                    case 'npm_package_description':","                        return 'the greatest app in the world!';","                    case 'npm_package_name':","                        return 'my-app';","                    case 'npm_package_nameAlias':","                        return 'my_app';","                    case 'npm_package_version':","                        return '0.0.1';","                    }","                });","        }","        // run the cli","        if (local.global.utility2_rollup || module !== require.main) {","            break;","        }","        local.assetsDict['/assets.example.js'] =","            local.assetsDict['/assets.example.js'] ||","            local.fs.readFileSync(__filename, 'utf8');","        // bug-workaround - long $npm_package_buildCustomOrg","        /* jslint-ignore-begin */","        local.assetsDict['/assets.npmtest_platform.rollup.js'] =","            local.assetsDict['/assets.npmtest_platform.rollup.js'] ||","            local.fs.readFileSync(","                local.npmtest_platform.__dirname + '/lib.npmtest_platform.js',","                'utf8'","            ).replace((/^#!/), '//');","        /* jslint-ignore-end */","        local.assetsDict['/favicon.ico'] = local.assetsDict['/favicon.ico'] || '';","        // if $npm_config_timeout_exit exists,","        // then exit this process after $npm_config_timeout_exit ms","        if (Number(process.env.npm_config_timeout_exit)) {","            setTimeout(process.exit, Number(process.env.npm_config_timeout_exit));","        }","        // start server","        if (local.global.utility2_serverHttp1) {","            break;","        }","        process.env.PORT = process.env.PORT || '8081';","        console.error('server starting on port ' + process.env.PORT);","        local.http.createServer(function (request, response) {","            request.urlParsed = local.url.parse(request.url);","            if (local.assetsDict[request.urlParsed.pathname] !== undefined) {","                response.end(local.assetsDict[request.urlParsed.pathname]);","                return;","            }","            response.statusCode = 404;","            response.end();","        }).listen(process.env.PORT);","        break;","    }","}());",""],"l":{"26":2,"28":2,"33":2,"35":2,"37":2,"38":2,"39":2,"44":1,"51":2,"55":2,"59":2,"61":2,"69":1,"70":2,"76":2,"79":2,"82":2,"83":2,"85":1,"89":2,"92":1,"93":1,"94":1,"96":1,"97":1,"100":1,"101":1,"103":1,"106":1,"108":2,"114":1,"116":1,"118":1,"123":1,"124":2,"125":2,"126":3,"127":3,"128":3,"129":3,"130":1,"133":3,"134":3,"139":3,"143":1,"144":3,"145":1,"149":1,"150":1,"158":1,"160":1,"161":1,"162":1,"164":1,"166":1,"258":1,"259":1,"271":1,"274":6,"275":6,"277":1,"279":2,"281":1,"283":2,"288":1,"289":1,"291":1,"296":1,"303":1,"306":1,"307":1,"310":1,"311":1,"313":1,"314":1,"315":1,"316":1,"317":1,"318":1,"319":1,"321":1,"322":1,"324":1}},"/home/travis/build/npmtest/node-npmtest-platform/node_modules/platform/platform.js":{"path":"/home/travis/build/npmtest/node-npmtest-platform/node_modules/platform/platform.js","s":{"1":1,"2":1,"3":1,"4":1,"5":1,"6":1,"7":1,"8":1,"9":1,"10":1,"11":1,"12":1,"13":1,"14":1,"15":1,"16":1,"17":2,"18":2,"19":1,"20":0,"21":0,"22":0,"23":0,"24":0,"25":0,"26":0,"27":0,"28":1,"29":6,"30":6,"31":5,"32":118,"33":1,"34":1,"35":0,"36":0,"37":1,"38":2,"39":27,"40":27,"41":1,"42":2,"43":1,"44":2,"45":2,"46":1,"47":104,"48":1,"49":6,"50":6,"51":134,"52":6,"53":1,"54":0,"55":1,"56":1,"57":1,"58":1,"59":0,"60":0,"61":1,"62":1,"63":1,"64":1,"65":1,"66":1,"67":1,"68":1,"69":1,"70":1,"71":1,"72":1,"73":1,"74":1,"75":1,"76":1,"77":1,"78":1,"79":1,"80":1,"81":1,"82":1,"83":1,"84":1,"85":1,"86":1,"87":1,"88":9,"89":1,"90":1,"91":16,"92":1,"93":1,"94":46,"95":1,"96":1,"97":29,"98":29,"99":0,"100":29,"101":1,"102":1,"103":30,"104":30,"105":0,"106":0,"107":0,"108":0,"109":30,"110":1,"111":1,"112":4,"113":1,"114":0,"115":1,"116":1,"117":0,"118":1,"119":0,"120":1,"121":0,"122":1,"123":0,"124":1,"125":0,"126":0,"127":0,"128":1,"129":0,"130":0,"131":1,"132":0,"133":1,"134":0,"135":0,"136":1,"137":0,"138":0,"139":0,"140":0,"141":0,"142":1,"143":0,"144":1,"145":0,"146":0,"147":1,"148":1,"149":0,"150":1,"151":0,"152":0,"153":0,"154":1,"155":1,"156":1,"157":0,"158":1,"159":0,"160":0,"161":0,"162":1,"163":0,"164":0,"165":0,"166":0,"167":1,"168":0,"169":0,"170":0,"171":0,"172":1,"173":1,"174":1,"175":0,"176":0,"177":0,"178":1,"179":0,"180":0,"181":0,"182":0,"183":0,"184":0,"185":0,"186":1,"187":1,"188":1,"189":0,"190":0,"191":0,"192":1,"193":0,"194":0,"195":0,"196":0,"197":0,"198":0,"199":0,"200":0,"201":0,"202":0,"203":0,"204":0,"205":0,"206":0,"207":0,"208":0,"209":0,"210":0,"211":0,"212":0,"213":0,"214":0,"215":0,"216":0,"217":0,"218":0,"219":0,"220":0,"221":0,"222":1,"223":1,"224":0,"225":0,"226":1,"227":0,"228":1,"229":0,"230":1,"231":0,"232":0,"233":0,"234":0,"235":1,"236":0,"237":1,"238":0,"239":0,"240":0,"241":0,"242":1,"243":0,"244":0,"245":0,"246":1,"247":0,"248":0,"249":0,"250":0,"251":0,"252":0,"253":0,"254":0,"255":0,"256":0,"257":0,"258":0,"259":0,"260":0,"261":0,"262":1,"263":0,"264":0,"265":0,"266":0,"267":0,"268":0,"269":0,"270":0,"271":0,"272":0,"273":0,"274":0,"275":0,"276":0,"277":0,"278":0,"279":0,"280":0,"281":1,"282":0,"283":0,"284":0,"285":0,"286":0,"287":0,"288":0,"289":1,"290":0,"291":0,"292":0,"293":0,"294":0,"295":0,"296":0,"297":1,"298":0,"299":1,"300":0,"301":1,"302":0,"303":1,"304":0,"305":1,"306":0,"307":1,"308":0,"309":0,"310":0,"311":0,"312":0,"313":1,"314":0,"315":0,"316":0,"317":0,"318":0,"319":1,"320":0,"321":1,"322":1,"323":1,"324":1,"325":1,"326":1,"327":1,"328":1,"329":1,"330":1,"331":1,"332":0,"333":1,"334":1,"335":1,"336":0,"337":1,"338":0,"339":1,"340":0,"341":1,"342":0,"343":1,"344":1,"345":1,"346":0,"347":0,"348":0,"349":1,"350":1,"351":11,"352":0},"b":{"1":[1,0,1],"2":[1,1],"3":[1,1,1,1],"4":[1,1,1,1],"5":[1,0],"6":[1,1,0,0],"7":[0,0],"8":[0,0,0,0,0],"9":[0,0],"10":[0,0],"11":[6,0],"12":[5,1],"13":[6,5,5],"14":[0,0],"15":[27,0],"16":[2,0],"17":[2,0],"18":[2,1],"19":[1,0],"20":[1,0,0],"21":[0,1],"22":[1,1],"23":[1,1],"24":[1,1],"25":[1,1],"26":[0,1],"27":[1,0],"28":[0,1],"29":[0,1],"30":[0,1],"31":[1,0],"32":[0,1],"33":[1,0],"34":[1,0],"35":[0,1],"36":[0,1],"37":[1,1],"38":[1,1],"39":[0,1],"40":[0,1],"41":[1,0],"42":[1,1,0,0],"43":[9,9,0,0],"44":[9,7],"45":[16,16,16,16,0],"46":[46,46,0,0],"47":[46,35],"48":[29,28],"49":[0,29],"50":[29,29],"51":[0,0],"52":[30,17],"53":[0,30],"54":[30,30],"55":[30,30,30],"56":[0,0],"57":[0,0],"58":[0,0],"59":[0,0],"60":[0,0],"61":[4,4,4],"62":[4,4],"63":[0,0],"64":[1,0],"65":[0,1],"66":[1,0],"67":[0,1],"68":[0,1],"69":[0,0],"70":[0,1],"71":[1,0],"72":[0,1],"73":[1,0],"74":[0,1],"75":[0,0],"76":[0,0],"77":[0,1],"78":[1,0],"79":[0,1],"80":[1,0,0,0,0,1,0,0],"81":[0,0],"82":[0,1],"83":[0,0],"84":[0,0],"85":[0,1],"86":[1,0],"87":[0,1],"88":[1,0],"89":[0,0],"90":[0,0],"91":[1,0],"92":[1,0],"93":[0,0],"94":[0,1],"95":[1,0,0],"96":[0,1],"97":[1,0,0,0],"98":[1,1,1],"99":[0,0],"100":[0,0],"101":[0,0],"102":[0,0],"103":[1,0],"104":[0,1],"105":[1,0,0,1,0,1,0,0,1,1,0,1,0,0],"106":[0,0],"107":[0,0],"108":[0,1],"109":[1,0],"110":[0,0],"111":[0,0],"112":[0,1],"113":[0,0],"114":[0,0],"115":[0,1],"116":[1,1,0],"117":[0,0],"118":[0,0],"119":[1,0],"120":[1,0],"121":[0,1],"122":[0,0],"123":[0,1],"124":[1,1,0],"125":[0,0],"126":[0,0],"127":[0,0],"128":[1,0],"129":[1,1,1],"130":[1,0],"131":[0,1],"132":[0,1],"133":[0,0],"134":[0,0],"135":[0,0],"136":[0,0],"137":[0,0],"138":[0,0],"139":[0,0],"140":[0,0],"141":[0,0],"142":[0,0],"143":[0,0],"144":[0,0],"145":[0,0],"146":[1,0],"147":[0,1],"148":[1,0],"149":[0,0,0,0],"150":[0,0],"151":[0,0],"152":[0,0],"153":[0,0],"154":[0,1],"155":[1,1,0],"156":[0,1],"157":[1,0],"158":[0,1],"159":[0,0],"160":[0,0],"161":[0,0],"162":[0,1],"163":[1,1,0,0,0,0],"164":[0,1],"165":[1,0],"166":[0,0],"167":[0,1],"168":[1,1,0],"169":[0,0],"170":[0,0],"171":[0,0],"172":[0,1],"173":[1,1,1,1,1,0,1,0,1,0,0,0,0,0,0,0,0,0],"174":[0,0],"175":[0,0],"176":[0,0],"177":[0,0],"178":[0,0],"179":[0,0],"180":[0,0],"181":[0,1],"182":[1,1],"183":[0,0],"184":[0,0],"185":[0,0],"186":[0,0],"187":[0,0],"188":[0,0],"189":[0,0],"190":[0,0,0,0],"191":[0,0],"192":[0,0,0],"193":[0,0],"194":[0,0],"195":[0,0],"196":[0,0],"197":[0,0],"198":[0,0],"199":[0,0],"200":[0,0],"201":[0,0],"202":[0,0],"203":[0,0],"204":[0,0],"205":[0,0],"206":[0,0],"207":[0,0],"208":[0,0],"209":[0,0],"210":[0,0],"211":[0,0],"212":[0,0],"213":[0,0],"214":[0,0],"215":[0,0],"216":[0,0],"217":[0,0],"218":[0,0],"219":[0,0],"220":[0,0],"221":[0,0],"222":[0,0],"223":[0,0],"224":[0,0],"225":[0,0],"226":[0,0],"227":[0,0],"228":[0,0],"229":[0,0],"230":[0,0],"231":[0,0],"232":[0,0],"233":[0,0],"234":[0,0,0],"235":[0,1],"236":[1,0],"237":[0,0],"238":[0,1],"239":[1,0],"240":[0,0],"241":[0,0],"242":[0,1],"243":[1,0,0],"244":[0,1],"245":[1,0,0,0,0,0,0,0],"246":[0,0],"247":[0,1],"248":[0,1],"249":[1,0,0],"250":[0,1],"251":[0,0],"252":[0,1],"253":[0,0],"254":[0,0],"255":[0,0],"256":[0,0],"257":[0,0],"258":[0,0],"259":[0,0],"260":[0,1],"261":[1,0],"262":[0,0],"263":[0,0],"264":[0,0,0,0,0],"265":[0,0],"266":[0,1],"267":[1,0,0,0],"268":[1,1],"269":[1,0],"270":[1,0],"271":[1,1],"272":[0,1],"273":[0,1],"274":[0,1],"275":[1,0,0],"276":[0,0,0],"277":[0,0],"278":[0,1],"279":[0,1],"280":[1,0,0],"281":[1,0],"282":[1,1]},"f":{"1":1,"2":2,"3":0,"4":6,"5":0,"6":2,"7":2,"8":2,"9":104,"10":6,"11":134,"12":0,"13":1,"14":1,"15":9,"16":1,"17":16,"18":1,"19":46,"20":1,"21":29,"22":1,"23":30,"24":1,"25":4,"26":0,"27":0,"28":0,"29":0,"30":11},"fnMap":{"1":{"name":"(anonymous_1)","line":7,"loc":{"start":{"line":7,"column":2},"end":{"line":7,"column":13}}},"2":{"name":"capitalize","line":65,"loc":{"start":{"line":65,"column":2},"end":{"line":65,"column":30}}},"3":{"name":"cleanupOS","line":78,"loc":{"start":{"line":78,"column":2},"end":{"line":78,"column":41}}},"4":{"name":"each","line":134,"loc":{"start":{"line":134,"column":2},"end":{"line":134,"column":34}}},"5":{"name":"format","line":154,"loc":{"start":{"line":154,"column":2},"end":{"line":154,"column":26}}},"6":{"name":"forOwn","line":168,"loc":{"start":{"line":168,"column":2},"end":{"line":168,"column":36}}},"7":{"name":"getClassOf","line":183,"loc":{"start":{"line":183,"column":2},"end":{"line":183,"column":29}}},"8":{"name":"isHostType","line":199,"loc":{"start":{"line":199,"column":2},"end":{"line":199,"column":40}}},"9":{"name":"qualify","line":212,"loc":{"start":{"line":212,"column":2},"end":{"line":212,"column":27}}},"10":{"name":"reduce","line":224,"loc":{"start":{"line":224,"column":2},"end":{"line":224,"column":35}}},"11":{"name":"(anonymous_11)","line":226,"loc":{"start":{"line":226,"column":16},"end":{"line":226,"column":39}}},"12":{"name":"trim","line":239,"loc":{"start":{"line":239,"column":2},"end":{"line":239,"column":24}}},"13":{"name":"parse","line":253,"loc":{"start":{"line":253,"column":2},"end":{"line":253,"column":21}}},"14":{"name":"getLayout","line":499,"loc":{"start":{"line":499,"column":4},"end":{"line":499,"column":32}}},"15":{"name":"(anonymous_15)","line":500,"loc":{"start":{"line":500,"column":29},"end":{"line":500,"column":53}}},"16":{"name":"getManufacturer","line":514,"loc":{"start":{"line":514,"column":4},"end":{"line":514,"column":38}}},"17":{"name":"(anonymous_17)","line":515,"loc":{"start":{"line":515,"column":29},"end":{"line":515,"column":58}}},"18":{"name":"getName","line":532,"loc":{"start":{"line":532,"column":4},"end":{"line":532,"column":30}}},"19":{"name":"(anonymous_19)","line":533,"loc":{"start":{"line":533,"column":29},"end":{"line":533,"column":53}}},"20":{"name":"getOS","line":547,"loc":{"start":{"line":547,"column":4},"end":{"line":547,"column":28}}},"21":{"name":"(anonymous_21)","line":548,"loc":{"start":{"line":548,"column":29},"end":{"line":548,"column":53}}},"22":{"name":"getProduct","line":566,"loc":{"start":{"line":566,"column":4},"end":{"line":566,"column":33}}},"23":{"name":"(anonymous_23)","line":567,"loc":{"start":{"line":567,"column":29},"end":{"line":567,"column":53}}},"24":{"name":"getVersion","line":596,"loc":{"start":{"line":596,"column":4},"end":{"line":596,"column":34}}},"25":{"name":"(anonymous_25)","line":597,"loc":{"start":{"line":597,"column":30},"end":{"line":597,"column":56}}},"26":{"name":"toStringPlatform","line":610,"loc":{"start":{"line":610,"column":4},"end":{"line":610,"column":32}}},"27":{"name":"(anonymous_27)","line":1001,"loc":{"start":{"line":1001,"column":20},"end":{"line":1001,"column":31}}},"28":{"name":"(anonymous_28)","line":1168,"loc":{"start":{"line":1168,"column":18},"end":{"line":1168,"column":29}}},"29":{"name":"(anonymous_29)","line":1202,"loc":{"start":{"line":1202,"column":11},"end":{"line":1202,"column":22}}},"30":{"name":"(anonymous_30)","line":1209,"loc":{"start":{"line":1209,"column":21},"end":{"line":1209,"column":42}}}},"statementMap":{"1":{"start":{"line":7,"column":1},"end":{"line":1217,"column":14}},"2":{"start":{"line":11,"column":2},"end":{"line":14,"column":4}},"3":{"start":{"line":17,"column":2},"end":{"line":17,"column":60}},"4":{"start":{"line":20,"column":2},"end":{"line":20,"column":21}},"5":{"start":{"line":23,"column":2},"end":{"line":23,"column":59}},"6":{"start":{"line":26,"column":2},"end":{"line":26,"column":86}},"7":{"start":{"line":29,"column":2},"end":{"line":29,"column":84}},"8":{"start":{"line":30,"column":2},"end":{"line":32,"column":3}},"9":{"start":{"line":31,"column":4},"end":{"line":31,"column":22}},"10":{"start":{"line":39,"column":2},"end":{"line":39,"column":43}},"11":{"start":{"line":42,"column":2},"end":{"line":42,"column":26}},"12":{"start":{"line":45,"column":2},"end":{"line":45,"column":25}},"13":{"start":{"line":48,"column":2},"end":{"line":48,"column":37}},"14":{"start":{"line":51,"column":2},"end":{"line":51,"column":50}},"15":{"start":{"line":54,"column":2},"end":{"line":54,"column":38}},"16":{"start":{"line":65,"column":2},"end":{"line":68,"column":3}},"17":{"start":{"line":66,"column":4},"end":{"line":66,"column":28}},"18":{"start":{"line":67,"column":4},"end":{"line":67,"column":60}},"19":{"start":{"line":78,"column":2},"end":{"line":125,"column":3}},"20":{"start":{"line":82,"column":4},"end":{"line":95,"column":6}},"21":{"start":{"line":97,"column":4},"end":{"line":100,"column":5}},"22":{"start":{"line":99,"column":6},"end":{"line":99,"column":29}},"23":{"start":{"line":102,"column":4},"end":{"line":102,"column":20}},"24":{"start":{"line":104,"column":4},"end":{"line":106,"column":5}},"25":{"start":{"line":105,"column":6},"end":{"line":105,"column":51}},"26":{"start":{"line":108,"column":4},"end":{"line":122,"column":6}},"27":{"start":{"line":124,"column":4},"end":{"line":124,"column":14}},"28":{"start":{"line":134,"column":2},"end":{"line":145,"column":3}},"29":{"start":{"line":135,"column":4},"end":{"line":136,"column":44}},"30":{"start":{"line":138,"column":4},"end":{"line":144,"column":5}},"31":{"start":{"line":139,"column":6},"end":{"line":141,"column":7}},"32":{"start":{"line":140,"column":8},"end":{"line":140,"column":47}},"33":{"start":{"line":143,"column":6},"end":{"line":143,"column":31}},"34":{"start":{"line":154,"column":2},"end":{"line":159,"column":3}},"35":{"start":{"line":155,"column":4},"end":{"line":155,"column":26}},"36":{"start":{"line":156,"column":4},"end":{"line":158,"column":27}},"37":{"start":{"line":168,"column":2},"end":{"line":174,"column":3}},"38":{"start":{"line":169,"column":4},"end":{"line":173,"column":5}},"39":{"start":{"line":170,"column":6},"end":{"line":172,"column":7}},"40":{"start":{"line":171,"column":8},"end":{"line":171,"column":43}},"41":{"start":{"line":183,"column":2},"end":{"line":187,"column":3}},"42":{"start":{"line":184,"column":4},"end":{"line":186,"column":42}},"43":{"start":{"line":199,"column":2},"end":{"line":203,"column":3}},"44":{"start":{"line":200,"column":4},"end":{"line":200,"column":67}},"45":{"start":{"line":201,"column":4},"end":{"line":202,"column":53}},"46":{"start":{"line":212,"column":2},"end":{"line":214,"column":3}},"47":{"start":{"line":213,"column":4},"end":{"line":213,"column":57}},"48":{"start":{"line":224,"column":2},"end":{"line":230,"column":3}},"49":{"start":{"line":225,"column":4},"end":{"line":225,"column":27}},"50":{"start":{"line":226,"column":4},"end":{"line":228,"column":7}},"51":{"start":{"line":227,"column":6},"end":{"line":227,"column":63}},"52":{"start":{"line":229,"column":4},"end":{"line":229,"column":23}},"53":{"start":{"line":239,"column":2},"end":{"line":241,"column":3}},"54":{"start":{"line":240,"column":4},"end":{"line":240,"column":50}},"55":{"start":{"line":253,"column":2},"end":{"line":1187,"column":3}},"56":{"start":{"line":256,"column":4},"end":{"line":256,"column":23}},"57":{"start":{"line":259,"column":4},"end":{"line":259,"column":84}},"58":{"start":{"line":262,"column":4},"end":{"line":265,"column":5}},"59":{"start":{"line":263,"column":6},"end":{"line":263,"column":19}},"60":{"start":{"line":264,"column":6},"end":{"line":264,"column":16}},"61":{"start":{"line":268,"column":4},"end":{"line":268,"column":38}},"62":{"start":{"line":271,"column":4},"end":{"line":271,"column":40}},"63":{"start":{"line":273,"column":4},"end":{"line":273,"column":27}},"64":{"start":{"line":276,"column":4},"end":{"line":276,"column":66}},"65":{"start":{"line":279,"column":4},"end":{"line":281,"column":75}},"66":{"start":{"line":284,"column":4},"end":{"line":288,"column":71}},"67":{"start":{"line":291,"column":4},"end":{"line":291,"column":56}},"68":{"start":{"line":294,"column":4},"end":{"line":294,"column":71}},"69":{"start":{"line":297,"column":4},"end":{"line":297,"column":38}},"70":{"start":{"line":300,"column":4},"end":{"line":300,"column":37}},"71":{"start":{"line":303,"column":4},"end":{"line":303,"column":37}},"72":{"start":{"line":310,"column":4},"end":{"line":310,"column":51}},"73":{"start":{"line":313,"column":4},"end":{"line":315,"column":23}},"74":{"start":{"line":320,"column":4},"end":{"line":320,"column":13}},"75":{"start":{"line":323,"column":4},"end":{"line":323,"column":18}},"76":{"start":{"line":326,"column":4},"end":{"line":326,"column":25}},"77":{"start":{"line":329,"column":4},"end":{"line":329,"column":26}},"78":{"start":{"line":332,"column":4},"end":{"line":332,"column":38}},"79":{"start":{"line":335,"column":4},"end":{"line":335,"column":96}},"80":{"start":{"line":338,"column":4},"end":{"line":338,"column":25}},"81":{"start":{"line":341,"column":4},"end":{"line":351,"column":7}},"82":{"start":{"line":354,"column":4},"end":{"line":401,"column":7}},"83":{"start":{"line":404,"column":4},"end":{"line":435,"column":7}},"84":{"start":{"line":438,"column":4},"end":{"line":455,"column":7}},"85":{"start":{"line":458,"column":4},"end":{"line":488,"column":7}},"86":{"start":{"line":499,"column":4},"end":{"line":505,"column":5}},"87":{"start":{"line":500,"column":6},"end":{"line":504,"column":9}},"88":{"start":{"line":501,"column":8},"end":{"line":503,"column":59}},"89":{"start":{"line":514,"column":4},"end":{"line":523,"column":5}},"90":{"start":{"line":515,"column":6},"end":{"line":522,"column":9}},"91":{"start":{"line":517,"column":8},"end":{"line":521,"column":17}},"92":{"start":{"line":532,"column":4},"end":{"line":538,"column":5}},"93":{"start":{"line":533,"column":6},"end":{"line":537,"column":9}},"94":{"start":{"line":534,"column":8},"end":{"line":536,"column":59}},"95":{"start":{"line":547,"column":4},"end":{"line":557,"column":5}},"96":{"start":{"line":548,"column":6},"end":{"line":556,"column":9}},"97":{"start":{"line":549,"column":8},"end":{"line":549,"column":54}},"98":{"start":{"line":550,"column":8},"end":{"line":554,"column":9}},"99":{"start":{"line":553,"column":10},"end":{"line":553,"column":68}},"100":{"start":{"line":555,"column":8},"end":{"line":555,"column":22}},"101":{"start":{"line":566,"column":4},"end":{"line":587,"column":5}},"102":{"start":{"line":567,"column":6},"end":{"line":586,"column":9}},"103":{"start":{"line":568,"column":8},"end":{"line":568,"column":54}},"104":{"start":{"line":569,"column":8},"end":{"line":584,"column":9}},"105":{"start":{"line":575,"column":10},"end":{"line":577,"column":11}},"106":{"start":{"line":576,"column":12},"end":{"line":576,"column":41}},"107":{"start":{"line":579,"column":10},"end":{"line":579,"column":39}},"108":{"start":{"line":580,"column":10},"end":{"line":583,"column":74}},"109":{"start":{"line":585,"column":8},"end":{"line":585,"column":22}},"110":{"start":{"line":596,"column":4},"end":{"line":601,"column":5}},"111":{"start":{"line":597,"column":6},"end":{"line":600,"column":9}},"112":{"start":{"line":598,"column":8},"end":{"line":599,"column":101}},"113":{"start":{"line":610,"column":4},"end":{"line":612,"column":5}},"114":{"start":{"line":611,"column":6},"end":{"line":611,"column":36}},"115":{"start":{"line":617,"column":4},"end":{"line":617,"column":34}},"116":{"start":{"line":620,"column":4},"end":{"line":622,"column":5}},"117":{"start":{"line":621,"column":6},"end":{"line":621,"column":43}},"118":{"start":{"line":624,"column":4},"end":{"line":626,"column":5}},"119":{"start":{"line":625,"column":6},"end":{"line":625,"column":24}},"120":{"start":{"line":628,"column":4},"end":{"line":630,"column":5}},"121":{"start":{"line":629,"column":6},"end":{"line":629,"column":61}},"122":{"start":{"line":632,"column":4},"end":{"line":634,"column":5}},"123":{"start":{"line":633,"column":6},"end":{"line":633,"column":61}},"124":{"start":{"line":636,"column":4},"end":{"line":694,"column":5}},"125":{"start":{"line":637,"column":6},"end":{"line":637,"column":53}},"126":{"start":{"line":638,"column":6},"end":{"line":638,"column":39}},"127":{"start":{"line":639,"column":6},"end":{"line":639,"column":29}},"128":{"start":{"line":642,"column":9},"end":{"line":694,"column":5}},"129":{"start":{"line":643,"column":6},"end":{"line":643,"column":32}},"130":{"start":{"line":644,"column":6},"end":{"line":646,"column":14}},"131":{"start":{"line":649,"column":9},"end":{"line":694,"column":5}},"132":{"start":{"line":650,"column":6},"end":{"line":650,"column":21}},"133":{"start":{"line":653,"column":9},"end":{"line":694,"column":5}},"134":{"start":{"line":656,"column":6},"end":{"line":656,"column":31}},"135":{"start":{"line":657,"column":6},"end":{"line":657,"column":51}},"136":{"start":{"line":660,"column":9},"end":{"line":694,"column":5}},"137":{"start":{"line":661,"column":6},"end":{"line":664,"column":7}},"138":{"start":{"line":662,"column":8},"end":{"line":662,"column":23}},"139":{"start":{"line":663,"column":8},"end":{"line":663,"column":44}},"140":{"start":{"line":665,"column":6},"end":{"line":667,"column":7}},"141":{"start":{"line":666,"column":8},"end":{"line":666,"column":43}},"142":{"start":{"line":670,"column":9},"end":{"line":694,"column":5}},"143":{"start":{"line":671,"column":6},"end":{"line":671,"column":60}},"144":{"start":{"line":674,"column":9},"end":{"line":694,"column":5}},"145":{"start":{"line":675,"column":6},"end":{"line":675,"column":32}},"146":{"start":{"line":676,"column":6},"end":{"line":676,"column":37}},"147":{"start":{"line":679,"column":9},"end":{"line":694,"column":5}},"148":{"start":{"line":681,"column":6},"end":{"line":684,"column":7}},"149":{"start":{"line":683,"column":8},"end":{"line":683,"column":20}},"150":{"start":{"line":686,"column":6},"end":{"line":689,"column":7}},"151":{"start":{"line":688,"column":8},"end":{"line":688,"column":88}},"152":{"start":{"line":692,"column":9},"end":{"line":694,"column":5}},"153":{"start":{"line":693,"column":6},"end":{"line":693,"column":43}},"154":{"start":{"line":696,"column":4},"end":{"line":703,"column":5}},"155":{"start":{"line":697,"column":6},"end":{"line":702,"column":9}},"156":{"start":{"line":705,"column":4},"end":{"line":713,"column":5}},"157":{"start":{"line":712,"column":6},"end":{"line":712,"column":22}},"158":{"start":{"line":715,"column":4},"end":{"line":734,"column":5}},"159":{"start":{"line":716,"column":6},"end":{"line":716,"column":24}},"160":{"start":{"line":717,"column":6},"end":{"line":717,"column":70}},"161":{"start":{"line":718,"column":6},"end":{"line":718,"column":42}},"162":{"start":{"line":721,"column":9},"end":{"line":734,"column":5}},"163":{"start":{"line":722,"column":6},"end":{"line":722,"column":25}},"164":{"start":{"line":723,"column":6},"end":{"line":723,"column":31}},"165":{"start":{"line":724,"column":6},"end":{"line":724,"column":42}},"166":{"start":{"line":725,"column":6},"end":{"line":725,"column":64}},"167":{"start":{"line":728,"column":9},"end":{"line":734,"column":5}},"168":{"start":{"line":729,"column":6},"end":{"line":731,"column":7}},"169":{"start":{"line":730,"column":8},"end":{"line":730,"column":84}},"170":{"start":{"line":732,"column":6},"end":{"line":732,"column":18}},"171":{"start":{"line":733,"column":6},"end":{"line":733,"column":24}},"172":{"start":{"line":736,"column":4},"end":{"line":814,"column":5}},"173":{"start":{"line":739,"column":6},"end":{"line":812,"column":7}},"174":{"start":{"line":740,"column":8},"end":{"line":744,"column":9}},"175":{"start":{"line":741,"column":10},"end":{"line":741,"column":34}},"176":{"start":{"line":742,"column":10},"end":{"line":742,"column":45}},"177":{"start":{"line":743,"column":10},"end":{"line":743,"column":88}},"178":{"start":{"line":745,"column":8},"end":{"line":781,"column":9}},"179":{"start":{"line":746,"column":10},"end":{"line":746,"column":42}},"180":{"start":{"line":747,"column":10},"end":{"line":755,"column":11}},"181":{"start":{"line":748,"column":12},"end":{"line":748,"column":62}},"182":{"start":{"line":749,"column":12},"end":{"line":749,"column":40}},"183":{"start":{"line":750,"column":12},"end":{"line":750,"column":29}},"184":{"start":{"line":752,"column":12},"end":{"line":754,"column":13}},"185":{"start":{"line":753,"column":14},"end":{"line":753,"column":31}},"186":{"start":{"line":757,"column":13},"end":{"line":781,"column":9}},"187":{"start":{"line":761,"column":10},"end":{"line":777,"column":11}},"188":{"start":{"line":762,"column":12},"end":{"line":770,"column":13}},"189":{"start":{"line":763,"column":14},"end":{"line":763,"column":61}},"190":{"start":{"line":764,"column":14},"end":{"line":764,"column":32}},"191":{"start":{"line":765,"column":14},"end":{"line":765,"column":47}},"192":{"start":{"line":766,"column":19},"end":{"line":770,"column":13}},"193":{"start":{"line":767,"column":14},"end":{"line":767,"column":84}},"194":{"start":{"line":768,"column":14},"end":{"line":768,"column":29}},"195":{"start":{"line":769,"column":14},"end":{"line":769,"column":41}},"196":{"start":{"line":772,"column":12},"end":{"line":772,"column":29}},"197":{"start":{"line":773,"column":12},"end":{"line":773,"column":29}},"198":{"start":{"line":774,"column":12},"end":{"line":774,"column":31}},"199":{"start":{"line":775,"column":12},"end":{"line":775,"column":49}},"200":{"start":{"line":776,"column":12},"end":{"line":776,"column":55}},"201":{"start":{"line":779,"column":13},"end":{"line":781,"column":9}},"202":{"start":{"line":780,"column":10},"end":{"line":780,"column":25}},"203":{"start":{"line":784,"column":11},"end":{"line":812,"column":7}},"204":{"start":{"line":785,"column":8},"end":{"line":785,"column":27}},"205":{"start":{"line":786,"column":8},"end":{"line":786,"column":47}},"206":{"start":{"line":789,"column":11},"end":{"line":812,"column":7}},"207":{"start":{"line":790,"column":8},"end":{"line":790,"column":27}},"208":{"start":{"line":791,"column":8},"end":{"line":791,"column":102}},"209":{"start":{"line":794,"column":11},"end":{"line":812,"column":7}},"210":{"start":{"line":797,"column":8},"end":{"line":797,"column":46}},"211":{"start":{"line":798,"column":8},"end":{"line":802,"column":9}},"212":{"start":{"line":799,"column":10},"end":{"line":799,"column":57}},"213":{"start":{"line":800,"column":10},"end":{"line":800,"column":37}},"214":{"start":{"line":801,"column":10},"end":{"line":801,"column":28}},"215":{"start":{"line":803,"column":8},"end":{"line":803,"column":76}},"216":{"start":{"line":806,"column":11},"end":{"line":812,"column":7}},"217":{"start":{"line":807,"column":8},"end":{"line":807,"column":63}},"218":{"start":{"line":808,"column":8},"end":{"line":808,"column":20}},"219":{"start":{"line":809,"column":8},"end":{"line":809,"column":25}},"220":{"start":{"line":810,"column":8},"end":{"line":810,"column":29}},"221":{"start":{"line":811,"column":8},"end":{"line":811,"column":23}},"222":{"start":{"line":813,"column":6},"end":{"line":813,"column":28}},"223":{"start":{"line":816,"column":4},"end":{"line":824,"column":5}},"224":{"start":{"line":821,"column":6},"end":{"line":821,"column":54}},"225":{"start":{"line":822,"column":6},"end":{"line":823,"column":76}},"226":{"start":{"line":826,"column":4},"end":{"line":904,"column":5}},"227":{"start":{"line":827,"column":6},"end":{"line":827,"column":30}},"228":{"start":{"line":830,"column":9},"end":{"line":904,"column":5}},"229":{"start":{"line":831,"column":6},"end":{"line":831,"column":50}},"230":{"start":{"line":834,"column":9},"end":{"line":904,"column":5}},"231":{"start":{"line":835,"column":6},"end":{"line":837,"column":7}},"232":{"start":{"line":836,"column":8},"end":{"line":836,"column":18}},"233":{"start":{"line":838,"column":6},"end":{"line":840,"column":7}},"234":{"start":{"line":839,"column":8},"end":{"line":839,"column":43}},"235":{"start":{"line":843,"column":9},"end":{"line":904,"column":5}},"236":{"start":{"line":845,"column":6},"end":{"line":845,"column":24}},"237":{"start":{"line":848,"column":9},"end":{"line":904,"column":5}},"238":{"start":{"line":849,"column":6},"end":{"line":855,"column":7}},"239":{"start":{"line":850,"column":8},"end":{"line":852,"column":9}},"240":{"start":{"line":851,"column":10},"end":{"line":851,"column":50}},"241":{"start":{"line":854,"column":8},"end":{"line":854,"column":40}},"242":{"start":{"line":859,"column":9},"end":{"line":904,"column":5}},"243":{"start":{"line":863,"column":6},"end":{"line":863,"column":37}},"244":{"start":{"line":864,"column":6},"end":{"line":864,"column":105}},"245":{"start":{"line":865,"column":6},"end":{"line":865,"column":21}},"246":{"start":{"line":869,"column":9},"end":{"line":904,"column":5}},"247":{"start":{"line":880,"column":6},"end":{"line":880,"column":79}},"248":{"start":{"line":881,"column":6},"end":{"line":901,"column":7}},"249":{"start":{"line":882,"column":8},"end":{"line":884,"column":9}},"250":{"start":{"line":883,"column":10},"end":{"line":883,"column":20}},"251":{"start":{"line":885,"column":8},"end":{"line":885,"column":33}},"252":{"start":{"line":889,"column":8},"end":{"line":889,"column":29}},"253":{"start":{"line":890,"column":8},"end":{"line":894,"column":9}},"254":{"start":{"line":891,"column":10},"end":{"line":891,"column":72}},"255":{"start":{"line":893,"column":10},"end":{"line":893,"column":25}},"256":{"start":{"line":895,"column":8},"end":{"line":897,"column":9}},"257":{"start":{"line":896,"column":10},"end":{"line":896,"column":20}},"258":{"start":{"line":898,"column":8},"end":{"line":900,"column":9}},"259":{"start":{"line":899,"column":10},"end":{"line":899,"column":25}},"260":{"start":{"line":902,"column":6},"end":{"line":902,"column":26}},"261":{"start":{"line":903,"column":6},"end":{"line":903,"column":29}},"262":{"start":{"line":906,"column":4},"end":{"line":942,"column":5}},"263":{"start":{"line":909,"column":6},"end":{"line":909,"column":65}},"264":{"start":{"line":911,"column":6},"end":{"line":920,"column":7}},"265":{"start":{"line":912,"column":8},"end":{"line":912,"column":32}},"266":{"start":{"line":913,"column":8},"end":{"line":913,"column":29}},"267":{"start":{"line":914,"column":8},"end":{"line":914,"column":39}},"268":{"start":{"line":917,"column":11},"end":{"line":920,"column":7}},"269":{"start":{"line":919,"column":8},"end":{"line":919,"column":23}},"270":{"start":{"line":922,"column":6},"end":{"line":922,"column":57}},"271":{"start":{"line":924,"column":6},"end":{"line":926,"column":7}},"272":{"start":{"line":925,"column":8},"end":{"line":925,"column":27}},"273":{"start":{"line":929,"column":6},"end":{"line":935,"column":7}},"274":{"start":{"line":930,"column":8},"end":{"line":930,"column":46}},"275":{"start":{"line":931,"column":8},"end":{"line":931,"column":193}},"276":{"start":{"line":933,"column":8},"end":{"line":933,"column":46}},"277":{"start":{"line":934,"column":8},"end":{"line":934,"column":568}},"278":{"start":{"line":937,"column":6},"end":{"line":937,"column":109}},"279":{"start":{"line":939,"column":6},"end":{"line":941,"column":7}},"280":{"start":{"line":940,"column":8},"end":{"line":940,"column":23}},"281":{"start":{"line":944,"column":4},"end":{"line":967,"column":5}},"282":{"start":{"line":945,"column":6},"end":{"line":945,"column":18}},"283":{"start":{"line":946,"column":6},"end":{"line":946,"column":42}},"284":{"start":{"line":947,"column":6},"end":{"line":952,"column":7}},"285":{"start":{"line":948,"column":8},"end":{"line":948,"column":23}},"286":{"st
[...]
.versions.electron == 'string') {","              description.push('Node ' + data.versions.node);","              name = 'Electron';","              version = data.versions.electron;","            } else if (typeof data.versions.nw == 'string') {","              description.push('Chromium ' + version, 'Node ' + data.versions.node);","              name = 'NW.js';","              version = data.versions.nw;","            }","          } else {","            name = 'Node.js';","            arch = data.arch;","            os = data.platform;","            version = /[\\d.]+/.exec(data.version)","            version = version ? version[0] : 'unknown';","          }","        }","        else if (rhino) {","          name = 'Rhino';","        }","      }","      // Detect Adobe AIR.","      else if (getClassOf((data = context.runtime)) == airRuntimeClass) {","        name = 'Adobe AIR';","        os = data.flash.system.Capabilities.os;","      }","      // Detect PhantomJS.","      else if (getClassOf((data = context.phantom)) == phantomClass) {","        name = 'PhantomJS';","        version = (data = data.version || null) && (data.major + '.' + data.minor + '.' + data.patch);","      }","      // Detect IE compatibility modes.","      else if (typeof doc.documentMode == 'number' && (data = /\\bTrident\\/(\\d+)/i.exec(ua))) {","        // We're in compatibility mode when the Trident version + 4 doesn't","        // equal the document mode.","        version = [version, doc.documentMode];","        if ((data = +data[1] + 4) != version[1]) {","          description.push('IE ' + version[1] + ' mode');","          layout && (layout[1] = '');","          version[1] = data;","        }","        version = name == 'IE' ? String(version[1].toFixed(1)) : version[0];","      }","      // Detect IE 11 masking as other browsers.","      else if (typeof doc.documentMode == 'number' && /^(?:Chrome|Firefox)\\b/.test(name)) {","        description.push('masking as ' + name + ' ' + version);","        name = 'IE';","        version = '11.0';","        layout = ['Trident'];","        os = 'Windows';","      }","      os = os && format(os);","    }","    // Detect prerelease phases.","    if (version && (data =","          /(?:[ab]|dp|pre|[ab]\\d+pre)(?:\\d+\\+?)?$/i.exec(version) ||","          /(?:alpha|beta)(?: ?\\d)?/i.exec(ua + ';' + (useFeatures && nav.appMinorVersion)) ||","          /\\bMinefield\\b/i.test(ua) && 'a'","        )) {","      prerelease = /b/i.test(data) ? 'beta' : 'alpha';","      version = version.replace(RegExp(data + '\\\\+?$'), '') +","        (prerelease == 'beta' ? beta : alpha) + (/\\d+\\+?/.exec(data) || '');","    }","    // Detect Firefox Mobile.","    if (name == 'Fennec' || name == 'Firefox' && /\\b(?:Android|Firefox OS)\\b/.test(os)) {","      name = 'Firefox Mobile';","    }","    // Obscure Maxthon's unreliable version.","    else if (name == 'Maxthon' && version) {","      version = version.replace(/\\.[\\d.]+/, '.x');","    }","    // Detect Xbox 360 and Xbox One.","    else if (/\\bXbox\\b/i.test(product)) {","      if (product == 'Xbox 360') {","        os = null;","      }","      if (product == 'Xbox 360' && /\\bIEMobile\\b/.test(ua)) {","        description.unshift('mobile mode');","      }","    }","    // Add mobile postfix.","    else if ((/^(?:Chrome|IE|Opera)$/.test(name) || name && !product && !/Browser|Mobi/.test(name)) &&","        (os == 'Windows CE' || /Mobi/i.test(ua))) {","      name += ' Mobile';","    }","    // Detect IE platform preview.","    else if (name == 'IE' && useFeatures) {","      try {","        if (context.external === null) {","          description.unshift('platform preview');","        }","      } catch(e) {","        description.unshift('embedded');","      }","    }","    // Detect BlackBerry OS version.","    // http://docs.blackberry.com/en/developers/deliverables/18169/HTTP_headers_sent_by_BB_Browser_1234911_11.jsp","    else if ((/\\bBlackBerry\\b/.test(product) || /\\bBB10\\b/.test(ua)) && (data =","          (RegExp(product.replace(/ +/g, ' *') + '/([.\\\\d]+)', 'i').exec(ua) || 0)[1] ||","          version","        )) {","      data = [data, /BB10/.test(ua)];","      os = (data[1] ? (product = null, manufacturer = 'BlackBerry') : 'Device Software') + ' ' + data[0];","      version = null;","    }","    // Detect Opera identifying/masking itself as another browser.","    // http://www.opera.com/support/kb/view/843/","    else if (this != forOwn && product != 'Wii' && (","          (useFeatures && opera) ||","          (/Opera/.test(name) && /\\b(?:MSIE|Firefox)\\b/i.test(ua)) ||","          (name == 'Firefox' && /\\bOS X (?:\\d+\\.){2,}/.test(os)) ||","          (name == 'IE' && (","            (os && !/^Win/.test(os) && version > 5.5) ||","            /\\bWindows XP\\b/.test(os) && version > 8 ||","            version == 8 && !/\\bTrident\\b/.test(ua)","          ))","        ) && !reOpera.test((data = parse.call(forOwn, ua.replace(reOpera, '') + ';'))) && data.name) {","      // When \"identifying\", the UA contains both Opera and the other browser's name.","      data = 'ing as ' + data.name + ((data = data.version) ? ' ' + data : '');","      if (reOpera.test(name)) {","        if (/\\bIE\\b/.test(data) && os == 'Mac OS') {","          os = null;","        }","        data = 'identify' + data;","      }","      // When \"masking\", the UA contains only the other browser's name.","      else {","        data = 'mask' + data;","        if (operaClass) {","          name = format(operaClass.replace(/([a-z])([A-Z])/g, '$1 $2'));","        } else {","          name = 'Opera';","        }","        if (/\\bIE\\b/.test(data)) {","          os = null;","        }","        if (!useFeatures) {","          version = null;","        }","      }","      layout = ['Presto'];","      description.push(data);","    }","    // Detect WebKit Nightly and approximate Chrome/Safari versions.","    if ((data = (/\\bAppleWebKit\\/([\\d.]+\\+?)/i.exec(ua) || 0)[1])) {","      // Correct build number for numeric comparison.","      // (e.g. \"532.5\" becomes \"532.05\")","      data = [parseFloat(data.replace(/\\.(\\d)$/, '.0$1')), data];","      // Nightly builds are postfixed with a \"+\".","      if (name == 'Safari' && data[1].slice(-1) == '+') {","        name = 'WebKit Nightly';","        prerelease = 'alpha';","        version = data[1].slice(0, -1);","      }","      // Clear incorrect browser versions.","      else if (version == data[1] ||","          version == (data[2] = (/\\bSafari\\/([\\d.]+\\+?)/i.exec(ua) || 0)[1])) {","        version = null;","      }","      // Use the full Chrome version when available.","      data[1] = (/\\bChrome\\/([\\d.]+)/i.exec(ua) || 0)[1];","      // Detect Blink layout engine.","      if (data[0] == 537.36 && data[2] == 537.36 && parseFloat(data[1]) >= 28 && layout == 'WebKit') {","        layout = ['Blink'];","      }","      // Detect JavaScriptCore.","      // http://stackoverflow.com/questions/6768474/how-can-i-detect-which-javascript-engine-v8-or-jsc-is-used-at-runtime-in-androi","      if (!useFeatures || (!likeChrome && !data[1])) {","        layout && (layout[1] = 'like Safari');","        data = (data = data[0], data < 400 ? 1 : data < 500 ? 2 : data < 526 ? 3 : data < 533 ? 4 : data < 534 ? '4+' : data < 535 ? 5 : data < 537 ? 6 : data < 538 ? 7 : data < 601 ? 8 : '8');","      } else {","        layout && (layout[1] = 'like Chrome');","        data = data[1] || (data = data[0], data < 530 ? 1 : data < 532 ? 2 : data < 532.05 ? 3 : data < 533 ? 4 : data < 534.03 ? 5 : data < 534.07 ? 6 : data < 534.10 ? 7 : data < 534.13 ? 8 : data < 534.16 ? 9 : data < 534.24 ? 10 : data < 534.30 ? 11 : data < 535.01 ? 12 : data < 535.02 ? '13+' : data < 535.07 ? 15 : data < 535.11 ? 16 : data < 535.19 ? 17 : data < 536.05 ? 18 : data < 536.10 ? 19 : data < 537.01 ? 20 : data < 537.11 ? '21+' : data < 537.13 ? 23 : data < 537.18 ? 24 : data < 537.24 ? 25 : data < 537.36 ? 26 : layout != 'Blink' ? '27' : '28');","      }","      // Add the postfix of \".x\" or \"+\" for approximate versions.","      layout && (layout[1] += ' ' + (data += typeof data == 'number' ? '.x' : /[.+]/.test(data) ? '' : '+'));","      // Obscure version for some Safari 1-2 releases.","      if (name == 'Safari' && (!version || parseInt(version) > 45)) {","        version = data;","      }","    }","    // Detect Opera desktop modes.","    if (name == 'Opera' &&  (data = /\\bzbov|zvav$/.exec(os))) {","      name += ' ';","      description.unshift('desktop mode');","      if (data == 'zvav') {","        name += 'Mini';","        version = null;","      } else {","        name += 'Mobile';","      }","      os = os.replace(RegExp(' *' + data + '$'), '');","    }","    // Detect Chrome desktop mode.","    else if (name == 'Safari' && /\\bChrome\\b/.exec(layout && layout[1])) {","      description.unshift('desktop mode');","      name = 'Chrome Mobile';","      version = null;","","      if (/\\bOS X\\b/.test(os)) {","        manufacturer = 'Apple';","        os = 'iOS 4.3+';","      } else {","        os = null;","      }","    }","    // Strip incorrect OS versions.","    if (version && version.indexOf((data = /[\\d.]+$/.exec(os))) == 0 &&","        ua.indexOf('/' + data + '-') > -1) {","      os = trim(os.replace(data, ''));","    }","    // Add layout engine.","    if (layout && !/\\b(?:Avant|Nook)\\b/.test(name) && (","        /Browser|Lunascape|Maxthon/.test(name) ||","        name != 'Safari' && /^iOS/.test(os) && /\\bSafari\\b/.test(layout[1]) ||","        /^(?:Adobe|Arora|Breach|Midori|Opera|Phantom|Rekonq|Rock|Samsung Internet|Sleipnir|Web)/.test(name) && layout[1])) {","      // Don't add layout details to description if they are falsey.","      (data = layout[layout.length - 1]) && description.push(data);","    }","    // Combine contextual information.","    if (description.length) {","      description = ['(' + description.join('; ') + ')'];","    }","    // Append manufacturer to description.","    if (manufacturer && product && product.indexOf(manufacturer) < 0) {","      description.push('on ' + manufacturer);","    }","    // Append product to description.","    if (product) {","      description.push((/^on /.test(description[description.length - 1]) ? '' : 'on ') + product);","    }","    // Parse the OS into an object.","    if (os) {","      data = / ([\\d.+]+)$/.exec(os);","      isSpecialCasedOS = data && os.charAt(os.length - data[0].length - 1) == '/';","      os = {","        'architecture': 32,","        'family': (data && !isSpecialCasedOS) ? os.replace(data[0], '') : os,","        'version': data ? data[1] : null,","        'toString': function() {","          var version = this.version;","          return this.family + ((version && !isSpecialCasedOS) ? ' ' + version : '') + (this.architecture == 64 ? ' 64-bit' : '');","        }","      };","    }","    // Add browser/OS architecture.","    if ((data = /\\b(?:AMD|IA|Win|WOW|x86_|x)64\\b/i.exec(arch)) && !/\\bi686\\b/i.test(arch)) {","      if (os) {","        os.architecture = 64;","        os.family = os.family.replace(RegExp(' *' + data), '');","      }","      if (","          name && (/\\bWOW64\\b/i.test(ua) ||","          (useFeatures && /\\w(?:86|32)$/.test(nav.cpuClass || nav.platform) && !/\\bWin64; x64\\b/i.test(ua)))","      ) {","        description.unshift('32-bit');","      }","    }","    // Chrome 39 and above on OS X is always 64-bit.","    else if (","        os && /^OS X/.test(os.family) &&","        name == 'Chrome' && parseFloat(version) >= 39","    ) {","      os.architecture = 64;","    }","","    ua || (ua = null);","","    /*------------------------------------------------------------------------*/","","    /**","     * The platform object.","     *","     * @name platform","     * @type Object","     */","    var platform = {};","","    /**","     * The platform description.","     *","     * @memberOf platform","     * @type string|null","     */","    platform.description = ua;","","    /**","     * The name of the browser's layout engine.","     *","     * The list of common layout engines include:","     * \"Blink\", \"EdgeHTML\", \"Gecko\", \"Trident\" and \"WebKit\"","     *","     * @memberOf platform","     * @type string|null","     */","    platform.layout = layout && layout[0];","","    /**","     * The name of the product's manufacturer.","     *","     * The list of manufacturers include:","     * \"Apple\", \"Archos\", \"Amazon\", \"Asus\", \"Barnes & Noble\", \"BlackBerry\",","     * \"Google\", \"HP\", \"HTC\", \"LG\", \"Microsoft\", \"Motorola\", \"Nintendo\",","     * \"Nokia\", \"Samsung\" and \"Sony\"","     *","     * @memberOf platform","     * @type string|null","     */","    platform.manufacturer = manufacturer;","","    /**","     * The name of the browser/environment.","     *","     * The list of common browser names include:","     * \"Chrome\", \"Electron\", \"Firefox\", \"Firefox for iOS\", \"IE\",","     * \"Microsoft Edge\", \"PhantomJS\", \"Safari\", \"SeaMonkey\", \"Silk\",","     * \"Opera Mini\" and \"Opera\"","     *","     * Mobile versions of some browsers have \"Mobile\" appended to their name:","     * eg. \"Chrome Mobile\", \"Firefox Mobile\", \"IE Mobile\" and \"Opera Mobile\"","     *","     * @memberOf platform","     * @type string|null","     */","    platform.name = name;","","    /**","     * The alpha/beta release indicator.","     *","     * @memberOf platform","     * @type string|null","     */","    platform.prerelease = prerelease;","","    /**","     * The name of the product hosting the browser.","     *","     * The list of common products include:","     *","     * \"BlackBerry\", \"Galaxy S4\", \"Lumia\", \"iPad\", \"iPod\", \"iPhone\", \"Kindle\",","     * \"Kindle Fire\", \"Nexus\", \"Nook\", \"PlayBook\", \"TouchPad\" and \"Transformer\"","     *","     * @memberOf platform","     * @type string|null","     */","    platform.product = product;","","    /**","     * The browser's user agent string.","     *","     * @memberOf platform","     * @type string|null","     */","    platform.ua = ua;","","    /**","     * The browser/environment version.","     *","     * @memberOf platform","     * @type string|null","     */","    platform.version = name && version;","","    /**","     * The name of the operating system.","     *","     * @memberOf platform","     * @type Object","     */","    platform.os = os || {","","      /**","       * The CPU architecture the OS is built for.","       *","       * @memberOf platform.os","       * @type number|null","       */","      'architecture': null,","","      /**","       * The family of the OS.","       *","       * Common values include:","       * \"Windows\", \"Windows Server 2008 R2 / 7\", \"Windows Server 2008 / Vista\",","       * \"Windows XP\", \"OS X\", \"Ubuntu\", \"Debian\", \"Fedora\", \"Red Hat\", \"SuSE\",","       * \"Android\", \"iOS\" and \"Windows Phone\"","       *","       * @memberOf platform.os","       * @type string|null","       */","      'family': null,","","      /**","       * The version of the OS.","       *","       * @memberOf platform.os","       * @type string|null","       */","      'version': null,","","      /**","       * Returns the OS string.","       *","       * @memberOf platform.os","       * @returns {string} The OS string.","       */","      'toString': function() { return 'null'; }","    };","","    platform.parse = parse;","    platform.toString = toStringPlatform;","","    if (platform.version) {","      description.unshift(version);","    }","    if (platform.name) {","      description.unshift(name);","    }","    if (os && name && !(os == String(os).split(' ')[0] && (os == name.split(' ')[0] || product))) {","      description.push(product ? '(' + os + ')' : 'on ' + os);","    }","    if (description.length) {","      platform.description = description.join(' ');","    }","    return platform;","  }","","  /*--------------------------------------------------------------------------*/","","  // Export platform.","  var platform = parse();","","  // Some AMD build optimizers, like r.js, check for condition patterns like the following:","  if (typeof define == 'function' && typeof define.amd == 'object' && define.amd) {","    // Expose platform on the global object to prevent errors when platform is","    // loaded by a script tag in the presence of an AMD loader.","    // See http://requirejs.org/docs/errors.html#mismatch for more details.","    root.platform = platform;","","    // Define as an anonymous module so platform can be aliased through path mapping.","    define(function() {","      return platform;","    });","  }","  // Check for `exports` after `define` in case a build optimizer adds an `exports` object.","  else if (freeExports && freeModule) {","    // Export for CommonJS support.","    forOwn(platform, function(value, key) {","      freeExports[key] = value;","    });","  }","  else {","    // Export to the global object.","    root.platform = platform;","  }","}.call(this));",""],"l":{"7":1,"11":1,"17":1,"20":1,"23":1,"26":1,"29":1,"30":1,"31":1,"39":1,"42":1,"45":1,"48":1,"51":1,"54":1,"65":1,"66":2,"67":2,"78":1,"82":0,"97":0,"99":0,"102":0,"104":0,"105":0,"108":0,"124":0,"134":1,"135":6,"138":6,"139":5,"140":118,"143":1,"154":1,"155":0,"156":0,"168":1,"169":2,"170":27,"171":27,"183":1,"184":2,"199":1,"200":2,"201":2,"212":1,"213":104,"224":1,"225":6,"226":6,"227":134,"229":6,"239":1,"240":0,"253":1,"256":1,"259":1,"262":1,"263":0,"264":0,"268":1,"271":1,"273":1,"276":1,"279":1,"284":1,"291":1,"294":1,"297":1,"300":1,"303":1,"310":1,"313":1,"320":1,"323":1,"326":1,"329":1,"332":1,"335":1,"338":1,"341":1,"354":1,"404":1,"438":1,"458":1,"499":1,"500":1,"501":9,"514":1,"515":1,"517":16,"532":1,"533":1,"534":46,"547":1,"548":1,"549":29,"550":29,"553":0,"555":29,"566":1,"567":1,"568":30,"569":30,"575":0,"576":0,"579":0,"580":0,"585":30,"596":1,"597":1,"598":4,"610":1,"611":0,"617":1,"620":1,"621":0,"624":1,"625":0,"628":1,"629":0,"632":1,"633":0,"636":1,"637":0,"638":0,"639":0,"642":1,"643":0,"644":0,"649":1,"650":0,"653":1,"656":0,"657":0,"660":1,"661":0,"662":0,"663":0,"665":0,"666":0,"670":1,"671":0,"674":1,"675":0,"676":0,"679":1,"681":1,"683":0,"686":1,"688":0,"692":0,"693":0,"696":1,"697":1,"705":1,"712":0,"715":1,"716":0,"717":0,"718":0,"721":1,"722":0,"723":0,"724":0,"725":0,"728":1,"729":0,"730":0,"732":0,"733":0,"736":1,"739":1,"740":1,"741":0,"742":0,"743":0,"745":1,"746":0,"747":0,"748":0,"749":0,"750":0,"752":0,"753":0,"757":1,"761":1,"762":1,"763":0,"764":0,"765":0,"766":1,"767":0,"768":0,"769":0,"772":0,"773":0,"774":0,"775":0,"776":0,"779":0,"780":0,"784":0,"785":0,"786":0,"789":0,"790":0,"791":0,"794":0,"797":0,"798":0,"799":0,"800":0,"801":0,"803":0,"806":0,"807":0,"808":0,"809":0,"810":0,"811":0,"813":1,"816":1,"821":0,"822":0,"826":1,"827":0,"830":1,"831":0,"834":1,"835":0,"836":0,"838":0,"839":0,"843":1,"845":0,"848":1,"849":0,"850":0,"851":0,"854":0,"859":1,"863":0,"864":0,"865":0,"869":1,"880":0,"881":0,"882":0,"883":0,"885":0,"889":0,"890":0,"891":0,"893":0,"895":0,"896":0,"898":0,"899":0,"902":0,"903":0,"906":1,"909":0,"911":0,"912":0,"913":0,"914":0,"917":0,"919":0,"922":0,"924":0,"925":0,"929":0,"930":0,"931":0,"933":0,"934":0,"937":0,"939":0,"940":0,"944":1,"945":0,"946":0,"947":0,"948":0,"949":0,"951":0,"953":0,"956":1,"957":0,"958":0,"959":0,"961":0,"962":0,"963":0,"965":0,"969":1,"971":0,"974":1,"979":0,"982":1,"983":0,"986":1,"987":0,"990":1,"991":0,"994":1,"995":0,"996":0,"997":0,"1002":0,"1003":0,"1008":1,"1009":0,"1010":0,"1011":0,"1013":0,"1017":0,"1021":1,"1025":0,"1028":1,"1038":1,"1046":1,"1057":1,"1070":1,"1086":1,"1094":1,"1107":1,"1115":1,"1123":1,"1131":1,"1168":0,"1171":1,"1172":1,"1174":1,"1175":0,"1177":1,"1178":0,"1180":1,"1181":0,"1183":1,"1184":0,"1186":1,"1192":1,"1195":1,"1199":0,"1202":0,"1203":0,"1207":1,"1209":1,"1210":11,"1215":0}}}